* using log directory ‘/media/cloud/Dropbox/projects/peptidomics/labelpepmatch/..Rcheck’
* using R version 3.1.1 (2014-07-10)
* using platform: x86_64-pc-linux-gnu (64-bit)
* using session charset: UTF-8
* checking for file ‘./DESCRIPTION’ ... OK
* this is package ‘labelpepmatch’ version ‘0.0.99’
* checking package namespace information ... OK
* checking package dependencies ... OK
* checking if this is a source package ... OK
* checking if there is a namespace ... OK
* checking for executable files ... WARNING
Found the following executable files:
  .git/objects/00/15e8117127e3bac18c8f34db884bacf156a712
  .git/objects/00/254f1086bd7dc828c9e7a86a25ae4bd03262c7
  .git/objects/00/337c15cc66b3fb777adb5fd4d01c6add4c8d70
  .git/objects/00/914c1018b221a408e239da8e7249ca0e7f0f60
  .git/objects/00/f79754461711c9d99fdd97099e6e01b2cbb932
  .git/objects/01/0ef5cedf241dee5b940aaa3d229c0fccc23cd6
  .git/objects/01/120df8077966030727d21cd5a6f9a8857fab61
  .git/objects/01/2743e306d49d760b95b94b19f1ca362a4e3c10
  .git/objects/01/33bae0a9b2d81a6269cdaad0f0d8267b5bbbc0
  .git/objects/01/3c77309fdf8586831035c02562b87e0659aafa
  .git/objects/01/427ad929bb93ed17be15433689dab2aa92c1a2
  .git/objects/02/1b2c67ca30da42159cb7814542b8d235f6956e
  .git/objects/02/1f8ca68127f29fe1b0690d02b908dfa9464476
  .git/objects/03/31e4707eefe8cb5a2da247e63e024df9e0e96d
  .git/objects/03/42f23fb0499b1f215038ef80b654c594d2f88c
  .git/objects/03/d180c643ee6df366c90d65a5154c4f92e03b56
  .git/objects/04/0ff8ddd7e77b596bc995920d4bdd73b2ac5b89
  .git/objects/04/3fb32762b54c3da9a1bf8969a170b491fd0412
  .git/objects/04/67b481a65ffe485835ce4204a71dc81f1214d3
  .git/objects/04/85869e910a8e65f71d968d7d0630493a470101
  .git/objects/04/94bac8818d2262f79aa010be14b97e038b5497
  .git/objects/04/974296b919610c7e794a75c96f18e87b0380d1
  .git/objects/04/c2d78213baaaa83597b8960cb74126a99ebcea
  .git/objects/04/d7fc8cfac4ef319e1e7d720d42f9ce3e334b87
  .git/objects/04/f26b7b9738396366e03bc6b897e5392a00b5c5
  .git/objects/05/0c5f91714b648a5de691a699c4bd1f086a6f01
  .git/objects/05/0feb85d5b27fb07211715fc1655864774ac80c
  .git/objects/05/9264f1a39df03f21af7f93fd44f254dd3f30c2
  .git/objects/05/9a10f44745469d06aa9d67cddcaa97b7bce2e9
  .git/objects/05/aee148e2229821befea59c01b74a3424e0c737
  .git/objects/05/e58464233bc51cc824e44bdb710b619053936c
  .git/objects/05/f8e1b7ea288b593a9e86a439fa190311dec7eb
  .git/objects/06/1350c9f57fa65ff346a4223714fee905a7cc4d
  .git/objects/06/3199be8016e70e42744b4f0b6144d821f183d6
  .git/objects/06/a05671a5c7c7192b416efe1160b8d012f960cf
  .git/objects/06/b8cd54e65d3884e11d32adcf07a9fa094e6c21
  .git/objects/06/e757251932d79cfcc60a30fc0d79b63dd183c2
  .git/objects/07/73694c6f29a50711fdf22ea40326cd40319bbf
  .git/objects/07/935215df9f623521264ba81f0f0310cd845aee
  .git/objects/07/a601c70c2b9e8ed9af41ff3ca31b3fe634ff33
  .git/objects/07/bcb3826cdcecec5157a042e9d03ef4ef03f141
  .git/objects/07/e3e340eb0ffd4c11e2469b6ff618f7fc4af284
  .git/objects/07/ece8b0eeef2565e2f9950b0329b27a1c32842a
  .git/objects/07/fe9b1e44509b93e9b695ca431e4f69ab231894
  .git/objects/08/17cc7589606f7f47b811447f724ea077929283
  .git/objects/08/295df84142c93041fa3cf69c90a2401f28cdc5
  .git/objects/08/5a56b5a473644f9330565611bb17be042809ee
  .git/objects/08/73c493fbd41eeebf036001d90d9cf036ccdb9a
  .git/objects/08/8697db28f1afb27606a637157043b5b71af7cb
  .git/objects/08/e0b358f57b35ba7286b83ceaee8dbd19a3dac5
  .git/objects/08/eb9c5f4baf1ca8abe0f716959ef2f1ef12dd3b
  .git/objects/08/ee4874f0c70e64b7f3a4edd6b3e8eb8715b166
  .git/objects/09/58f94f7d69b399b2bef3feb5cf25d233d320e2
  .git/objects/09/59ac66a10e9943e9c718704601f58a66f2a170
  .git/objects/09/aaf77261e848bc4d47c9964cf106f86eb13134
  .git/objects/09/b9daef7ed6436a146482ac7e8650875903a79f
  .git/objects/09/d97921789d79234693744c4dbad6cb70df13c0
  .git/objects/0a/0eb10a03b6cd4734b4260defd388f459fc1020
  .git/objects/0a/0fe18faecbdbc9b3ccb6b1fb346b11dc7b8be1
  .git/objects/0a/24092692ea45697b80b9a66e16bfdb65fa2509
  .git/objects/0a/4e9a0f5a79fda62ba665f9c1fdea61c5462d2a
  .git/objects/0a/6d362065426d2373f008e1087d8c14309c070b
  .git/objects/0a/762e4808f1adc65daf9e6c16ca89c8f0f62686
  .git/objects/0a/b8b58cbac836f2a3070dea373d4acfc9a4d5f5
  .git/objects/0a/d0eaa1f2650aca6f3917eb24c4f3fc64b8d0b4
  .git/objects/0b/07d46b52e4642a65609a82b68fa60ea2ceaa0e
  .git/objects/0b/0b519c5579ffc14571dea7364a29f3ced2c6cf
  .git/objects/0b/67a27611d5a93effdffe04220617bf069efd3b
  .git/objects/0b/7443ab6da3909156888deb8f85a24ea82d98f7
  .git/objects/0b/8aa2d2820545d1b787e52165c187645e3013b1
  .git/objects/0b/906d906716efa11e49f94bdf87465436ce14b0
  .git/objects/0b/944d667c9466e755fe864fddbb27939a6003b3
  .git/objects/0b/f1b2637e04442ea8bf391365811a78e75dd33e
  .git/objects/0c/563d26307ab5c59ccfea78ab21c4793964e6ec
  .git/objects/0c/7fcbc5205c62c5ff3692e93ef60fd610127771
  .git/objects/0d/2ee23309b4cefaf6310f5d252d9a97899beab6
  .git/objects/0d/87a0bb6a87062e2096149ad1a51680b6b4a578
  .git/objects/0d/a5bb9cbfcfcffb98ebc4ab90cb23434e213a1a
  .git/objects/0d/a60490c309dd7b2f5e923e0dbe295f343afbfd
  .git/objects/0d/c701d3fef5d82d3efad6e64067c42f8aa87bd0
  .git/objects/0d/c99b4f7c7284bdc60a8037e3db0a784d2b6c28
  .git/objects/0d/cec915607d4ab9c1c4249d08a6a3813d12487e
  .git/objects/0d/f81ba1e922472c6c93768947c876893f431f20
  .git/objects/0e/b65a6ff2daa52f11bceedf3ff8b9037199448c
  .git/objects/0f/159e6ef794edb8677a9c5be657d0084fa29804
  .git/objects/0f/18c248313cc74f9da9278987fada4dae8832e1
  .git/objects/0f/5f5e882fddbfd9690676b0b9c2855d82519598
  .git/objects/0f/da997af1d45fd4ab3ed7a1bb2edb9e8426453e
  .git/objects/10/2c13b3f17d82e7be5c50f5ca39cb3dfc811d3d
  .git/objects/10/6f93e9400cc7e43dbf33a3735de34f3010a65d
  .git/objects/10/9db86415eb80572f87c61a0c6d27203eab9041
  .git/objects/10/ad357c173bf6d3b4ecbd715b38851649417d36
  .git/objects/10/c409765716910f3dd63ff32cdabcf091013044
  .git/objects/10/ffcef41f71fb558968fbaa7fab1cca9c92f393
  .git/objects/11/9e346c6089fbe660ca071e45164e2b67a7ee38
  .git/objects/11/fc17a6a1c3f03e1bd22991ce94cd68b3e1fe6c
  .git/objects/12/47ccec9a6a3b4327b8351646a2be37233190c1
  .git/objects/12/51d18f3884eb21a3b6022a1e7a04a34d3f4b91
  .git/objects/12/718558296a1e3e9a65c8a48f61d9a7e35aeff6
  .git/objects/12/e209a8e8a7ade9a5cacb765e4ece587180bedc
  .git/objects/12/eff8844ba0e11225582e687f2fcbd436bff9da
  .git/objects/13/918aea6dbb987f906dd3a8f8691dc32c1c2d04
  .git/objects/14/408489d7622e59bc8baee2935f8d36682cd1ad
  .git/objects/14/7810a44afe0372200e346ef990b086bbfd3bf6
  .git/objects/14/98fdbd4327d5d0ff5d96b2a6022d00298beabc
  .git/objects/14/be4a47c67f403b25c6c91539c76f7bf18c54e9
  .git/objects/15/439d0425d4f3e6daacd45d9c9f061c4b0478a6
  .git/objects/15/49eb5c63eb8eab772d03e426de42358e1e6293
  .git/objects/16/1ff49cacd344d5e9655efa2fb679aef127ecc5
  .git/objects/16/409c81cabed1b086d4e9b60932ce7879c433f1
  .git/objects/16/a69ac5c2497061c8f6b2d552fc7a5a337bded5
  .git/objects/16/a7b686d11bb864c58b3a838a38d3870df1d24d
  .git/objects/16/fcba477d580250516ff74c7ff7a7ce8d6f0c2a
  .git/objects/17/10fb2ce40d2b7bad6303a12618848ebbc1c804
  .git/objects/17/2124ea2475a91f460c6e7744a1782e9fa0c632
  .git/objects/17/504a158c44644de89d1088981b0fd7a8b43122
  .git/objects/17/8fb4b055c8a467a0f0ce5ce3202d4fda215f07
  .git/objects/17/a11c15bd6cf92d7dda49cfb2051a773d7455be
  .git/objects/18/1abb868e5785e7c4ec49c7c3d6b836b1587845
  .git/objects/18/2b41cc8140e19d9d4344ba87a9d1efb5815f19
  .git/objects/18/657e5b53dc34725c3dc4fa44bb3892e2ea55d0
  .git/objects/18/8a8f828249b1b118f4b8d7481c48441f69aca6
  .git/objects/18/b9234584be731df31e1849efa5e8445afe12f2
  .git/objects/18/c5a10ab8eeb5a2b9e3805518b7e6504cd5b887
  .git/objects/19/194299064261ad64ad4a1f7d0f7e25fca96249
  .git/objects/19/32eb94c6b1ff1aa3f94a088f377e3bfd14f99d
  .git/objects/1a/0b63e94daace0a9fbe47d1ad5a42efce047f0f
  .git/objects/1a/21cd8eb7431e23867275ec74690888e9aa7b7f
  .git/objects/1a/601bab381cfe47fc0fd4ab54bc06ff82568965
  .git/objects/1a/7888a8f42e5820ad5c2d128218e4da8e744028
  .git/objects/1a/7d954fd45307945d63df239776c7503715aef2
  .git/objects/1a/d1ade0ffee9e13da06c546447a17cabec35a79
  .git/objects/1b/55add85d88ea89a1cda9f33020caf2327390a3
  .git/objects/1b/adde5a0daf7b6e74de8ce645481635837ac7d9
  .git/objects/1b/e36c2f1eb80190d23d83cfc51c6de8d2202393
  .git/objects/1b/ecb6b3f8da4330605575c5dd91956feaa79282
  .git/objects/1c/2cb985b6c4e2e0882305fbc2d8d8e9c4b678f0
  .git/objects/1c/3ba0d14a276bd8539016ec62681a81ed6c5c85
  .git/objects/1c/6bd46d11b48f8d7ff537be76ad8453b937aaf0
  .git/objects/1c/c20bc8e45556cc69b78c9f1109665397c424fb
  .git/objects/1c/d76f6558cc33c46d22db86432168ded76f1e82
  .git/objects/1d/0217227f19cf4375631b9f865eacdd296c3a7e
  .git/objects/1d/4e15e6ab8268946bfd7cee63d911f6cef71dcb
  .git/objects/1d/c21a50fa54d7f92b4d229639470d98d094610f
  .git/objects/1e/29af369ef09ac1584fd56e9502b5ac532e0aa8
  .git/objects/1e/3dff30199dbf070aaeb442c181dba77f794482
  .git/objects/1e/5c9f4c7540ed7f79c0ec3ec739ad185e8ce6fb
  .git/objects/1e/6198ee0c139169634db0f1e57148dde2e137a0
  .git/objects/1e/7492dbdf1b3bc05e14ecb0edd1ff2c88c7bab7
  .git/objects/1e/b52237eb33f7c2ed77f896822c7373fe94ff0f
  .git/objects/1e/d9f6c8921b1b4af529fb2253af03dcb5b82a21
  .git/objects/1f/0ba55098fad2ee872dabfd0e4c450deb90c7c6
  .git/objects/1f/d661401a80c4700c71ee5674b7e1b7840482db
  .git/objects/1f/fd8544c53ff075892e99a7202eeea1c8966a1c
  .git/objects/20/10a2ab32d2b12b512f1f6fe9cbd7da0fdcb157
  .git/objects/20/1968e0cac20cc4294e59a9ef9233dacf3136da
  .git/objects/20/225e3eaa467961143c87c66ac5f83554d29537
  .git/objects/20/99ea6c98a5d55898b505b272f7f7171c46874f
  .git/objects/20/a13df53c6b2630543467ba06885ed67578c488
  .git/objects/20/c1428ea8a162392a74f55652f27886af027e20
  .git/objects/21/07562789ea5cd5a3197d735aa3ecfa7b035662
  .git/objects/21/16be6b183f632ac728d5c55e316987d8a19376
  .git/objects/21/50f41933e8a6b53fe094d4f3ea03cb1e2332fb
  .git/objects/21/a4da087e1c026c953a49de88caea1247cd1f1b
  .git/objects/21/b018e4d8ff73a651f9fc8bd4b062464ca308ae
  .git/objects/21/d841d551ab7f4f68eea21d572daffe598c3b4b
  .git/objects/21/f8015c8791efea7266c08bf1477b4ca9f2e78e
  .git/objects/22/aca99a3732a16fa2ee672298b760e3860876ac
  .git/objects/22/c20e5f16309853255f320d80f4ea4ff17184ed
  .git/objects/22/d1af46dc677c3e9a05228193d05e11dd0d405b
  .git/objects/22/fcbeb3dd024ae39d45288ad329e8842deb6498
  .git/objects/23/533cef4a335bdcc332201e8d40a75dc2909405
  .git/objects/23/d2475f77f1d276f6d9eaedd357c78e58662255
  .git/objects/23/e19b007dcf2ed354ce9f66f5f4817a2b1d81ce
  .git/objects/24/28e76e810366ab0dc4fa98c2894b8921e2a881
  .git/objects/24/2e8231dac672a044f6c3e988ee8a52d4b6877e
  .git/objects/24/415d89c8aceb6ae9ba463026765368c73aa9fc
  .git/objects/24/84447418b4ebdd5a80f7c3c6afd932e9267779
  .git/objects/24/d2aeee051ae8ed803a72b0c3c3ebbd52a01097
  .git/objects/24/f4b0756e72aa45de1f20976ceeb6e2c04f23c4
  .git/objects/25/7eb377feac4c6bb3829b877da675f63506168c
  .git/objects/25/8c54fd67e2ef41c9e2884fac8f2b454a391778
  .git/objects/25/ab62a580f46d41e3cc1a0dab31be81c7555951
  .git/objects/26/0c63708877ba6d7f704fd486724b184847f264
  .git/objects/26/46915c030b9b0b90037c88a6caf385045c8b59
  .git/objects/26/4fd3b612b857f8e039c6bcae56b5991db272b9
  .git/objects/26/6fc72fee694d1f22c3bd36c44ae4f9ae0f8108
  .git/objects/26/c3d0220d0145e278e84a4861d065a98a110407
  .git/objects/26/f102b5dc374a060d4ebd3c2546effc3510abcd
  .git/objects/27/9678a12cb0556afaf4e4cafe762ea23cb41491
  .git/objects/27/a2b9638da950e30ec71dd51286a8795cc36134
  .git/objects/27/bc8f4170cc9cee9d83e70c38194cf7ef7805a0
  .git/objects/28/4e7b35cd3e870f941bcd39fbbb4995c88ff38d
  .git/objects/28/e7b8ead727c1ad4f7058917735904a60b235ca
  .git/objects/28/f289cadbaed2dfba395b284f575bde0821b743
  .git/objects/28/f441a6d7c10c7420f9dbbcd5b3da7dc5bf19c9
  .git/objects/2a/0792fdc8dcfa283d0bf172a04682d30e432405
  .git/objects/2a/70b091f68ed238f539bab1ec78ba8819bdec95
  .git/objects/2a/baab6b47fc9e6d24f83085d251dc04a0936865
  .git/objects/2b/2c41affa12651cd2c0e6c369effac49b143343
  .git/objects/2b/45cbd02c631d153ed8ec3eb851f760e932eaa1
  .git/objects/2b/ce348512d2cd177b7eb6ff1712d44569fa7ab8
  .git/objects/2c/21892468f8726cb8e3deb2f21a2db90c804617
  .git/objects/2c/27888dda987f85bcc5aad11913fcfc667d7971
  .git/objects/2c/32b18c983f0d3aebd3f7537676783e14ac311a
  .git/objects/2c/561ed495a7318e3c26ff5708fd99c72f08b70b
  .git/objects/2c/baf780eda520029bb6a5fa41dcb31501523a46
  .git/objects/2c/d4651f7dfae32db9909d5303d7027f2e101871
  .git/objects/2c/dff1870a6bd47103c434f75f9727147c4efa7c
  .git/objects/2d/0a043d9eb55649a3e60a1d1a911f1f1f3b49ed
  .git/objects/2d/47279f2e6e3e22080b6c75884ac7403bdb9318
  .git/objects/2d/d1b90c74f02ba39b34243cc73c8c8f3828b4ff
  .git/objects/2d/e3bc197793d817b05e9709ecb388ff8d6bd9eb
  .git/objects/2d/feadc5fbfc68428ad3c8069e9c2d4217578bcd
  .git/objects/2e/504f5e909cb53acbc871554b47f6e23c905035
  .git/objects/2e/96e887955163bbd01566da9503e80df844109e
  .git/objects/2f/13129c35e43843218f624a82a9cbc4963db8ae
  .git/objects/2f/77f6880983998c124cef38d9a22152005fb725
  .git/objects/2f/83058e4258611cb2e2244a2810caefd85d1423
  .git/objects/2f/df11205af02de56523e4c0bc37558417aee714
  .git/objects/30/09eec40a37ecab392ae01bf6a0b60cd6ee96e4
  .git/objects/30/1d75eea8baa4e616f86e7ca2ea33224eb7b296
  .git/objects/30/3bd19861053addf760ee294b4e3887a9568726
  .git/objects/30/5e7bb959770b6b47d1323e129ff0d7a2140434
  .git/objects/30/b78ad42957caca4244ba6e0978e087b60461df
  .git/objects/30/f7ca732d808f95691ec9152a40aeb6dcfae36e
  .git/objects/31/2320f5c33aaf1b82b24d0bdb1c1f0cef390271
  .git/objects/31/4c58cd8c5ddc4b454d78dfd8dd88daeb35f6a9
  .git/objects/31/a0d241275fdc80691ae48fc383452e53aa2890
  .git/objects/31/a68fd0adc97b71befef7163cf65b11b6373c4f
  .git/objects/31/bfda9247dbdcd19744a930342717f34658fcc6
  .git/objects/31/c8da42a2b358568d770c70a05c73799f98e41f
  .git/objects/31/d2d77ed21d2adaf566a95f0665ec4ff0dfe8b6
  .git/objects/31/f1211038325340cf04ad3d1269e3c034d8916c
  .git/objects/31/f898a2dd33da0f07a755d785bc9e9b2dfda605
  .git/objects/32/244b3a07798b9b82301f9c82d8b2a5a928451e
  .git/objects/32/308bb35df6ab5d4a0ae68e71c4e8535bc56f94
  .git/objects/32/57ce2c1b79fcbf16e8a05f7911c2b4a1df1428
  .git/objects/32/5f4b8e546c1b26ff39bb2de51be07d7da7c0d7
  .git/objects/32/829e1e09ba59f08eedfa8bebd6b36e3d7e8f2e
  .git/objects/32/ae10eb0b1b4a2ec60868161ce3a5337110dbeb
  .git/objects/32/f0f99da17efd11641156f2462fd70ac60c9d70
  .git/objects/33/717af0d7ffd396405944cdcb97c7aea236ec59
  .git/objects/33/7a02eb3231e89bc85ae48143c961872a9e2add
  .git/objects/33/e63de679019053bf29e37d00084bc63aa9c9f6
  .git/objects/34/4477b782f832ce08f40f447f343c451d24c47f
  .git/objects/34/7d5af8b413fdd8c46a98b7f00cc9ca852eafde
  .git/objects/34/9c17dcfa84c81bc59e6c3967a1e047c271b653
  .git/objects/34/9edb8db0ed255faf8b5d59730bfe2a8fe455e9
  .git/objects/34/a09861784b4f4505bba86dbe3188cb32c412ab
  .git/objects/34/d8a5041b54acbbf367d4f55c300e0a8e6a274e
  .git/objects/34/f2ca3ec2be37384a236db3093705508efb226b
  .git/objects/35/24ce3a55f9caaaf0e22bcccf9e278a6fe48879
  .git/objects/35/3c0733155398ecf6ad4b731a75aefa4a423e55
  .git/objects/35/47011bd8d1d49289035783c219d512fb00d4aa
  .git/objects/35/7062724928533ba80abc6dd583608de8240d55
  .git/objects/35/f2ba08016a876885af5933476c996939396ab7
  .git/objects/35/f9df3a17c27288a412dff0fec8b2b10a2bf6c0
  .git/objects/36/1a88fedbc5a975ff1b60adf2b27b271be2b9a5
  .git/objects/36/1e59fd87c1a3b841980e6faf633421550b8b8c
  .git/objects/36/77a57683d92893298dd7b78aa43901ee9e72f7
  .git/objects/36/a9a620781ade7a44c516a08187c6b3d29cdedc
  .git/objects/36/d0088020e0836d4131f59528db773d418658c8
  .git/objects/37/25ed601c23d3ec8bb6dbbdb30bfe66a113323d
  .git/objects/37/4aba89d2004ad53b509c0534853014292041fe
  .git/objects/37/93848c5a49c21c7c5f595011bd715bc8980f72
  .git/objects/37/cf88774481abd25bd2ad7ea7961814a681f28f
  .git/objects/38/0d10e2aff34d98c977c164015f4b73b32f2198
  .git/objects/38/2512670fa968425e3498fc6bd3e1944832847e
  .git/objects/38/3f094793d1d5c5ec9db680ec56dbd62f802c80
  .git/objects/38/8591128d899e1fa43985feec53c741cc89ecbf
  .git/objects/38/cb7365d77b0c97b6ade39f1ff3c8a19d9c3f51
  .git/objects/39/3e02054fca6a14e8b0b3a2e8cd0d6a6d9cd76a
  .git/objects/39/7aeff365df5785f4213a859718b81aa908d0a7
  .git/objects/39/cafeb9f0df59d56535cdcc820aaff71d38e8d0
  .git/objects/39/d70b3a6fd7a3d8667dae875cfdc47bc16af81d
  .git/objects/39/eac1db648fecbc144d48a3b3789171ec4a2524
  .git/objects/3a/057babdd4b67968f15e4077051aff5f604ce1a
  .git/objects/3a/27ec93f3e6a5d0488ca72c6822082b54f68176
  .git/objects/3a/618eae80ad7d730e4114533f0c6b795efcad07
  .git/objects/3a/a50e6d2095f35a00a1a6378579f50ceae83bd6
  .git/objects/3a/d06b05d57b46d2679c507ce984976881af5424
  .git/objects/3c/39eef2a0a5acf7a051c9df591304c6012ca015
  .git/objects/3c/4ced8cf85a3f9229fc60edb9298e3bbaa55ab7
  .git/objects/3c/65b3d559a5775cfd0bb8977256055a5e459a1d
  .git/objects/3c/8d039988aad06cb3b04d8b66222194121ef05a
  .git/objects/3c/8e25baba1c58e6c3802369655d3492305d0488
  .git/objects/3c/b25cb6b16d3b6a7c03dfabc2e4510d3772a35d
  .git/objects/3c/f34a7ab37562707b84bbda91cfc262c64dc44b
  .git/objects/3d/1d76cbe354e32cd79357ec1102d47603be2836
  .git/objects/3d/56bdb00ad8e06a8aa46914d75258f20948fe67
  .git/objects/3d/7016a4b12c9de9286a2908637b43884e8b1d63
  .git/objects/3d/b272a4f52b608a2492e6e044e37098dcc55cf9
  .git/objects/3d/ff497e37bde56f45f08a0250f89c732c5de675
  .git/objects/3e/09f93912202656236ea4c1fa9cfddb9ecef75c
  .git/objects/3e/6f005d7086e6f174a076a549cf12f88ef34615
  .git/objects/3e/b64175042f34e246b777ec909e67819bf77c48
  .git/objects/3e/d5b93350bd532a39be042b9bb3c3a35d844d1f
  .git/objects/3f/3af4789ba9f30985ea8a61a5f3bb61e8035bea
  .git/objects/3f/98beffedbd71abf22b5217ab8dae103892c1c1
  .git/objects/40/1e95045da280ba1e916c0477b35a86d6427870
  .git/objects/40/78f4d34388ce017e7f6fe5d3cda8f6967b1282
  .git/objects/40/cebaeca024986c47272f5c844c1b3797d621f1
  .git/objects/41/b887f5fce8137fb46d52390e9198c378546060
  .git/objects/41/c10365b25e378a6a1d47b7db3f0ab81ae4102c
  .git/objects/42/6e3bfc29ec18e2113ada884293e14ffce3cd86
  .git/objects/42/78fb68d286b5e6c392e0ee146848d8220ac8d0
  .git/objects/43/5e05724fc83ebac9f3468964adc2fc3b8ee69e
  .git/objects/44/233baf92c025818a4cfc4d88bfa3de28c1c9dd
  .git/objects/44/7955ef64944b4aa87db2381930172a54905ebd
  .git/objects/45/31ebb0eaba06cae32b830701934d239d62aba0
  .git/objects/45/5f32be373cb4fca1a54ca06bd1c9ac70029d98
  .git/objects/45/74b0135680f342858bcd71e5fd613791c186e7
  .git/objects/45/7897b2ac95dae3bca98a921642b85071d5e727
  .git/objects/45/a6ec2b24a59213ddb905f04d32ed570da9b175
  .git/objects/45/bf0eccd4c01b1d17ac29473dd9f3f45513a06f
  .git/objects/45/e970e14e64b4ba599eb14dbf775485f2b2719b
  .git/objects/46/38b43f2bfccabde725d5a5fdd4e72a4533382a
  .git/objects/46/b506a41159bac18f7abc8fc5e5f12a35f7f762
  .git/objects/46/d8af2ec126ce511bfaf317e7882766e2a9aa42
  .git/objects/46/e49cd4a156abee969fa11b0c662b9d7c3fda62
  .git/objects/47/30d9a3c3b9f767431917b131e9a95b8c8b513c
  .git/objects/47/31edcb1dd13723cf1420ec9f16f3d3f61d1ea4
  .git/objects/47/47736f1acad5633f30ca7ec719cb9393a99236
  .git/objects/47/4e81e726f57a89ceafd03ef283a03966b7cd6a
  .git/objects/47/a97ce20cb29471e93b29f21241b3b08a4a54b2
  .git/objects/47/bc195aa7a306703f119ae91305ee39f5a22a19
  .git/objects/47/fb23c40b1de050d7d081049111c15beaf741e8
  .git/objects/48/061739dee6d1bf999b13d2cdead375606bd641
  .git/objects/48/0f62fcbcc009b025eb8354bf075b9c867bf8f7
  .git/objects/48/2f3d3dbde986c9241ed1702e6f07ef5d259ba2
  .git/objects/48/69ba59556d1560cd63e8327aabd79ec0611232
  .git/objects/48/85e7ebd029d27a3eed9c79f59f2778eff7ed07
  .git/objects/48/cc242303513e424e098b6144417ae9d88a2215
  .git/objects/48/eb41e59f1d96fea99b8bcd46744e02e921918c
  .git/objects/48/f8c2206a3b6779eb8144ad79da8adb7efb4e0b
  .git/objects/49/004e977466b62035e0ea782271e42f583c5ef4
  .git/objects/49/5b46b87690feae9c3311129eb9d5dad74367b9
  .git/objects/49/6bc0c61388bb5f797050d3e3467acf4ca02e6f
  .git/objects/49/9ec786722c4c9922209229fd29a09c2b5fb8e2
  .git/objects/49/d516d9ad26d36669519c90a906f04f2e0d933d
  .git/objects/49/f0d6a8ef44622d83cdd37e263025c9ede76a5e
  .git/objects/4a/98dffaf27809005f47bc76c9943df0a40fa1a6
  .git/objects/4a/9e1c5db3c93672423cab5d60810abc00e8a0fb
  .git/objects/4a/c0af62336c550780ac3133a2912f77f1d6adf4
  .git/objects/4a/c62660157539d2b278989df3b048d4a26fc6bf
  .git/objects/4a/c6a4ec405953b1cd397e1322482d6811bed9ae
  .git/objects/4a/e7501825aba9c10c82d12002297baa91efc8e0
  .git/objects/4c/0a6d60874a0c76a3b77664807879cee2ecc662
  .git/objects/4c/3409b24e57e2d580d5278a479d97a014521d29
  .git/objects/4c/613583b13d24482fbd4d90fd3fe23c4797c54a
  .git/objects/4c/902887b79a097a44770ada254f022ba52c2d82
  .git/objects/4c/a3d4ef4ed02c7c3b9500f18b3d0283937b0595
  .git/objects/4c/b729c5f28a5733bbf19c7a4e3365c9bfa0f436
  .git/objects/4c/e998aaa27725a80ae0375ad026f70c858a66e1
  .git/objects/4d/33befffdba7afc9d3aa79d4389abafb6dedd5c
  .git/objects/4d/57714352754910bb7e7b02ce3289d9197796b7
  .git/objects/4d/cb7cd6272c1ae686b6e11a858289e5f3a5b8a4
  .git/objects/4d/e25986bd1c553e44727c473f59bf776e507291
  .git/objects/4d/f21cc10b2ef4b93df31e80069c785869e7f22a
  .git/objects/4e/217cb8769e5dc916d288e0f9b014bfe8b8dda5
  .git/objects/4e/42fff3fafdce39886906351e6b230d5a6b2aa2
  .git/objects/4e/9cc52f7241fa1d0ec265e3e5166cca83d433bc
  .git/objects/4e/a007cdd135d6ffff0518d0e0b3b5e721569272
  .git/objects/4f/0ccb817326320f86d26eb18f00ead701c05004
  .git/objects/4f/487f9de8de16521bf25ccd1ae0d3c56a1de52c
  .git/objects/4f/e13fac46221f013130ba76c68dca6a3d954d02
  .git/objects/4f/f1b59257e6292278c950aee819ec912c1d7ef9
  .git/objects/50/09a34f4dd80259622632c8e756f7804a3720dc
  .git/objects/50/16fdf09c0dfc24c42691fdfcb84d9c3d4b2b5c
  .git/objects/50/338a537b6a1b8e27d87c3383381b746b9a022e
  .git/objects/50/730f3365d1ad1698b672a0aeeffc99d5528067
  .git/objects/50/7c42d5c0b45cde19d4abd6cccc9dc29bad838d
  .git/objects/50/9a4e45739e5650e513f5f73eb3e8fc9a5387ff
  .git/objects/50/bcc4f321db9c7ae35a5c04a3b47fd024aad4ed
  .git/objects/50/cbabf54220968c9d2419818dc586d2b97cad5b
  .git/objects/51/0983efbc1d0285f88b895a295858a5dd5826e6
  .git/objects/51/40b7276783ff40d34c4319ee56005b687b8654
  .git/objects/51/5d722c1fbf2bf12f162193c891ac2d7d001cf1
  .git/objects/51/633cb1d5035dab802e6abad3dcb49ae6327a22
  .git/objects/51/921c97a4a6ede628a3bb6ffeb9182a7577e740
  .git/objects/51/a367a00b253ffa6ffaa67627273608a2f9360c
  .git/objects/52/3a4008a5e189bd663d50f73234a53e9adba5b5
  .git/objects/52/44bc6975a0eaca460896c20d9448411854a734
  .git/objects/52/82f72f5a1a8965d1e36fc6fdd48c8bd9378b22
  .git/objects/52/9dc9ad183bffdd11cd309644bcaa19696b2d57
  .git/objects/52/b00557f415ec238d201749460206dee91950b9
  .git/objects/52/e4d8708c1b3bb86e6c01c5ab0e11562f9ace02
  .git/objects/52/f29cae3988991e3b1592973d1eecfadb948d7e
  .git/objects/53/2e1eafcda9ba56d1336f499276fa6117023a60
  .git/objects/53/4d58968070de04a735de8ca8e9b2c2541937a1
  .git/objects/53/8d197eba241b05eb87df14eb549c901f8aae42
  .git/objects/53/9cb19b6a3458e66b95d19ef9fb420217459f2b
  .git/objects/53/bad30e4131501b45f2c8e7a8f0b8302a430fd1
  .git/objects/53/bfe3793bc47ddb73acb1a1ddee4ddbc8e994d4
  .git/objects/53/f862c45522e7a334ba95127455f4b7224c8ef8
  .git/objects/54/2b22a4506e89e730c8e6bc4050b633cf95b5df
  .git/objects/54/3a53a7d7513b90c39f2d3046a2d585fff0b24f
  .git/objects/54/86302694f048a0ec3dafafe5f15262e3055671
  .git/objects/54/88605f798514aacd844bc8a0abab8069b0d729
  .git/objects/54/ac0151e5eb263b120e65774dfafb28dbe11df9
  .git/objects/54/b9d122e97aad8d34a74551ac4472ddd6c295f0
  .git/objects/54/d8992f0f05b8c950e36cdc56b43bc2b192f0d7
  .git/objects/55/1ad18c3412c5e1985f822919a7c685f399813f
  .git/objects/55/b35a5dfe585f03ad205fd21a18e9d832bcf4de
  .git/objects/55/c631fd377e6532183f74641fadf39e4ee74540
  .git/objects/56/247e46a361b8061f1204f5457c55826b48306a
  .git/objects/56/3e44396c235842df3ab332969d6bb4d5474142
  .git/objects/56/460ba4761c385868dff6a6834d635fb6eb32ae
  .git/objects/56/59885bc3a284651da2216647f7ef4d6dedc5b1
  .git/objects/56/6b5d5e43f32bfffd806c8870e3c67da2cfb045
  .git/objects/56/9cbac2461c91858e7992e84e005bb69cf9a36d
  .git/objects/56/fe2f70ae0750f0ec53ee988f86950e6c804cf0
  .git/objects/57/07a5a2ec4034c87e9e030b61ba9e7ca85b77ad
  .git/objects/57/1005994b22485055d67df9b7f8aa0b10121765
  .git/objects/57/3ad6ad087406480084a504ad119983ccbcde36
  .git/objects/57/40626c80864f89b85b361445a7a33812cfcf9e
  .git/objects/57/5077484ecf31cacb77da956bd54dce592297b0
  .git/objects/57/6d552bf0b29a56ebab1f54d5b405ac7fe00137
  .git/objects/57/d2a23f53ce37fd8689bd6a2287680e032fc839
  .git/objects/58/2ca5cf82bdd46ef265416e7f2674a0e7e68058
  .git/objects/58/89f18790016382a7ae017391f564d92f8ab895
  .git/objects/58/8b66ce18398391ee5ec71a8d7a1737d3e9c23e
  .git/objects/58/a512550759c6ebb79a66ad592cec04d0246f3d
  .git/objects/58/f5ee0343d0ed6280e869c479856ffce259f8c3
  .git/objects/59/413859e6fa2be8dfa6eb818044ef02350a9d0c
  .git/objects/59/61acd51d023be473e24835b696f4917875944a
  .git/objects/59/8697f7276dbe6b903f97af410e08e44c9cc167
  .git/objects/59/c4dc19463e192071e8689dc878b720a84c73cc
  .git/objects/59/dd905d006956c28f2776674fab00efde44eca3
  .git/objects/5a/27de4377b680aa767a037d045f59a189ccf086
  .git/objects/5a/5881b516e0c63fa5953f1e987b04ed50ec3331
  .git/objects/5a/830a1becce7e4390bef9d43af6c822cc99e6f3
  .git/objects/5a/f0382da5dbddf21b3d058bc38360ef0c8336e5
  .git/objects/5b/51b4a96f20499ac9c9f8da056b35c37d0b3f04
  .git/objects/5b/574ce02057454277432c9afffc6bca3d4572ed
  .git/objects/5b/a71a6b099780d81c129efa1aec415d3b4eb43c
  .git/objects/5b/ed308d2d45adf546bda858832640decd07d514
  .git/objects/5c/43631ce63e41cb57dbcfda67df795a7793c3cb
  .git/objects/5c/46d97c5ac49b3a2b5dc388d793bc88e4ffeb12
  .git/objects/5c/d27beaf2f3534d62542cc3e7915b3ca577dd75
  .git/objects/5d/4ca26e27ee8b46d5784daa0e2c8e4298b8204f
  .git/objects/5d/8660c364420c8f0f327b5991acd524be4ced82
  .git/objects/5d/a401123d5c0b1a1b979a8c116ea9ce07636ae3
  .git/objects/5d/d59e9da1926961022bde1c95cc7ef04a017c90
  .git/objects/5d/dd66c383fa7cc80c21de8c732bda19e09ee191
  .git/objects/5d/eb6bcdbb7ed2fb23a8a6e09945bc634a07d982
  .git/objects/5e/3957f596498702338b35d8ed67d5284bfe434e
  .git/objects/5e/45965c14a10759ad76dd3f691dc3270d4a4f4f
  .git/objects/5e/4eb37846bf633ca7ff026dd1039b5e7f1538e3
  .git/objects/5e/8e2fc4f2dd07590e5b494860624819d51f075a
  .git/objects/5e/ca7096556dd754ed717ca6e191e17e645f6f93
  .git/objects/5f/4115457d02b0d83a41cd8a298c61c0014ec3f8
  .git/objects/5f/a712692f758db638da7719b8746227fa7c5572
  .git/objects/5f/a909f2193442d3cfd18b679677dda04f2de60e
  .git/objects/5f/ed9aa4bb97e6e9124ad84a3aed47ee9869f12e
  .git/objects/60/1b3db60f012c3eeb4823fc33fd1055dfc12bac
  .git/objects/60/de3d909490ec0898fcc72b7fb66036888d2de0
  .git/objects/61/0133531969ef2fa91bf0ba819dec7a961ae24c
  .git/objects/61/103f597ed9985ed8d3063de2da7377f182d07f
  .git/objects/61/5c4a3de94ff170903aacc8febcf1e8a2827445
  .git/objects/61/f3b4712cb6b2062eceeebad686af97dbb2ebed
  .git/objects/62/3f3c30d812f3e5a503374750ea519af6f5f3a2
  .git/objects/62/49a2b547967a9a66b7f824843bba6ffc92b63c
  .git/objects/62/6294ae0950e0b8bd27aa807a7564829cdb8740
  .git/objects/62/ac5be036f4d17bb844bdc93204ff2c95835ff4
  .git/objects/63/13d44ee1ef75c38881626e58f7ce64c50e0ed1
  .git/objects/63/1f73b1ae8493ce4e7d3f3ef1ebf9f282af2763
  .git/objects/63/2b347c908724a2aa31028af7bdd9b07212c8b9
  .git/objects/63/2ccd987eaa9b754a1f888b5213093e41e59e39
  .git/objects/63/5918a1dcd417a2730992167ca887deba2ddf2a
  .git/objects/64/0b48d707c732dec287c037300c386d9950d926
  .git/objects/64/0bec97c013166f2cfdcd0723fd5ee16d577dae
  .git/objects/64/1b7460020cd2474210e71efe0a50eb8a226c48
  .git/objects/64/2d6e20de04bd0e05e8bb2564a82a57766b2190
  .git/objects/64/537de7a80d90c35687a1ff84b4a49b046e75f4
  .git/objects/64/b330f93294180da65cf30594bcf7dc65db367d
  .git/objects/64/c711dff1d1559cc7a14bab09dc5fcea166ec1e
  .git/objects/64/ca71f6c91bf4005b556ac16ace656c32f39743
  .git/objects/64/cf5612e51553d6a9bbfee63dd8754e13e7b0fb
  .git/objects/65/231bc5c315725366d96984e25cb800ab85203e
  .git/objects/65/5e6d89c3571a730b9c45c35c27fecbd91a9c59
  .git/objects/65/78e49b948ec16f066f9fc727c72cecd8f6e1ec
  .git/objects/65/c888aa8b8296abc670e48d88c324484306ac88
  .git/objects/65/eb906b5fe7d4a00207c8aeb5269eb9cd888c0b
  .git/objects/66/01c218f43904c11bf36c7a823b75a839427918
  .git/objects/66/223bea65a66234c724a2eeb20588cf6bf378a3
  .git/objects/66/2fc2c689da87cf841ea2c9d03b6cf7e621fc90
  .git/objects/66/a000d11cdc234bd40ec1588fa1289569b551ad
  .git/objects/67/04615b3d097e7ce2cbeab24966b19815fbd9f0
  .git/objects/67/0e92288b548164cc03985d8b4987e93f0bb07c
  .git/objects/67/54d3d050d1132550f5493e66161b1b7cc3939c
  .git/objects/67/6d424e3ab3f81cc21832d9c096fa08ba00779f
  .git/objects/67/87075e7f4908cf4fb5e4ef32bd6dd2fa689260
  .git/objects/67/ec0b267e717b2aea72529ff728b1893fb2ce20
  .git/objects/68/01907202c38beb3caf9af1fa8753c25626cbbd
  .git/objects/68/456de4e6974327244e412f5eaf57d129edf4b7
  .git/objects/68/6bb6af3135e1b2df3871334b3645bbdd77631a
  .git/objects/68/859aae43c02ac8ea86d35a362259e253a3bd70
  .git/objects/68/8e71fd7c1804a69582fbcedbc52d9605708260
  .git/objects/68/adf5d744722922660cc7582880e494252301bb
  .git/objects/69/40aef9e40d0fba6db14276fb3fffa4531f6a78
  .git/objects/69/f8873b1bbceba808721b028e96492ced022e36
  .git/objects/6a/1f77b81e29d524c6212c9106e941acb581e21e
  .git/objects/6a/7029ade0c4b80e8a4d5e51559440e09ab1c0d6
  .git/objects/6a/89a64f10f43735adb35a041004befa909cf509
  .git/objects/6b/63de3cccdc632a758d46265771d3123527aaac
  .git/objects/6b/80c0a1ba28a8231c3442d424b6a419d74a75fe
  .git/objects/6b/b0a0f81681627d663a160ec668d1d06f587a07
  .git/objects/6b/d2750c6148f86cf4d882692c5065ddead38d19
  .git/objects/6b/e646764a7b0c26fcf0d2675f1edb3fd0d52793
  .git/objects/6c/1acd4bd6f896febf85e0bd5373d0dbed20da0a
  .git/objects/6c/224e4de8c18b0cda78314fd05c6d18a7f3f1f8
  .git/objects/6c/6d012d25ce43281e9ad0844c93fd6f7d8de6bb
  .git/objects/6c/a61f658ff92dfdb3729cee3d2818e16b9da448
  .git/objects/6d/13aba39d8bf72c8dbdf6c45e517aae993ae233
  .git/objects/6d/2704909bd03bdf094d0452aed3aeafdac1384d
  .git/objects/6d/29d0c734917aa39eb1bde1c12dc7e77e11dbae
  .git/objects/6d/5dc332e6e71e756b0b605a7483bc449b0174dd
  .git/objects/6d/6c67a6d49a64f1e3cb495acff4937f8481e751
  .git/objects/6d/70d1107acd51ff47f6d67c46cbcceb17ac9769
  .git/objects/6d/856a7b07c980a7fc100a1b5d3e0c5465ec5639
  .git/objects/6d/8cb248ae0308608ed600074945fd7cb1f05a14
  .git/objects/6d/aa89ab225527435c80928fc6fa054f22b6099a
  .git/objects/6d/adb768509d78a75cc6286c722b2c8f04628d5f
  .git/objects/6d/e23eb057524864e8663ec9c7f07065a1fc2433
  .git/objects/6e/11373186b17881f5d413cbaec6b75e5c46563e
  .git/objects/6e/241a243143eb2640144958ae7ed7a4a95f1ad2
  .git/objects/6e/58d94aaabf293d31fe8da6ec2c800c25fca592
  .git/objects/6e/9f9302dafd6e420fc036bd081eae22b02f1094
  .git/objects/6e/c404737789567f5837b20b50143e13eefd4497
  .git/objects/6e/cc64f4fa6a86f87c8e51bd15cf148ca5e73a04
  .git/objects/6f/013d2802876ba5a6c8239f0683295f9b585b37
  .git/objects/6f/498d9881a3e682426510210da5b137c982e17d
  .git/objects/6f/66ed02ce8896b31f736454ac2a25954c1cf65e
  .git/objects/6f/79e977565cae6894adcf13678bbe293f6d34f7
  .git/objects/6f/7a360a37a2d8d296b1e968856b1f0e3b382495
  .git/objects/6f/a553361c78e029d956997ae8a727c23d9cf93d
  .git/objects/6f/b4b3abb271203373c3f685dcbeccc55dbb8a25
  .git/objects/6f/f40a51f374c128bf295a2f38338de6d3267422
  .git/objects/6f/f7ae95f36f12e717d088b60ef770fdebf7196e
  .git/objects/70/17c976ae0c9b4bb22b62a5fff4dcefc2135929
  .git/objects/70/2fc921e26918ab368d4ce5123e7916111a96bb
  .git/objects/70/330d7d910bb361a186bb6e92a9dcb7d5695479
  .git/objects/70/3830994278cc6b25885127839d0d9df561478e
  .git/objects/70/52c063f42df5bc55c4c1a6170ba52859902d69
  .git/objects/70/751efb00352a924aa20d9e4a3228d7f2ac3122
  .git/objects/70/d69604c9e30d0b1a3c6fc34e68694d53612159
  .git/objects/71/0727ca475c0d2060c0f96f3e764402b69d0126
  .git/objects/71/69c3e29a8b4c241b3eab40ac045c4e09424873
  .git/objects/71/9f874bbcf052175271b1678329f57a4c3bb6cb
  .git/objects/71/a8c8be0cde7907902c3c198154bd84e0a29e9f
  .git/objects/71/ad3a112a86f069badac56d2f976dac3db0a776
  .git/objects/71/da56d35887bd7ee83217af6074321e13b50b5a
  .git/objects/71/f34b825b18d8e4ea99af5e1eb93c12ac3b553b
  .git/objects/71/f41be6f5f463e4913664801b61a2465a993d2c
  .git/objects/71/f919977a3127e8a7a032ca55499700c4dfd351
  .git/objects/72/2e5e90b2d50c558fe41eb9e0a961713e53c4b2
  .git/objects/72/88b6c8d6f9e1ae072cd81996bc97677662e746
  .git/objects/72/b2f5acd0881f0c82dee78f6b84f6dbdaed8f62
  .git/objects/73/4c3e54cddf570b6d17e9f2b0ddd6ce3bed18a8
  .git/objects/73/6c70e8b1637cb07c8f0d4031c7968f6b04be11
  .git/objects/73/7e179c8ffed85a9b38e5958f9d9718f023b193
  .git/objects/73/881596629b80624c97bff3c85f8e5cb93926d8
  .git/objects/73/b7dc4958f1f78cdf975425887485d862246a3f
  .git/objects/73/f5611b2008adb65ab965db5f37432ba4c4850f
  .git/objects/74/23539ba124b6ab5a939f001b02fac67238bf03
  .git/objects/74/5e3981f428a69f6d26e90f87920092d69489cd
  .git/objects/74/9d9ca499e6689075ab7670eb16d693c77925f8
  .git/objects/74/bd5d9d963cb6861ee8a0e2e45678dc11af4edc
  .git/objects/74/d1125b4d41f0d0fa706da64b5a146c4ea3a39f
  .git/objects/74/db498318c5d518139e133844873f5a82d8bf97
  .git/objects/75/114ade6acb86dcbd9a252dc519edd87100e81d
  .git/objects/75/698db6d83e6336db54b1dcd4af86102f2d65d3
  .git/objects/75/98b1b24d8dae40255912c8265e1815a152a40a
  .git/objects/75/f729aca290589b2ed4ed85e51d7b9533e12efb
  .git/objects/76/166d20ae688ac713fe5191e2c09f2ad47c1667
  .git/objects/76/2224e36de27138a4678868b03adbf16e109cc2
  .git/objects/76/24d125cd855def0c997a0e2db778dcfc9f63d1
  .git/objects/76/36a9740c201f436507b414522da0ec48f64b22
  .git/objects/76/6d69f5098e5d387c6a432c224d785990e0d020
  .git/objects/76/909767dae9c48cbe7fb60c272297b2e55484f8
  .git/objects/76/e1b968be2e9de567ed12135ba601f69761958d
  .git/objects/76/edcdffc63cd1e36e478206e0f8e3942fcb7c12
  .git/objects/77/72ebb1321349cbff80721737026c3dd5ea46cc
  .git/objects/77/d99444f9cc7e227f11ff5db82a966eaf814ee9
  .git/objects/78/5f07b664e9ec2b405337b05ab01a55caa3c55c
  .git/objects/78/7254d6751f525606f181a5eaa1e88e1311cc51
  .git/objects/78/965a49eb4467def2cb20a9cd47e8e57318a52d
  .git/objects/78/f8b678cddd311053714bb2b5c46f20796ebf9f
  .git/objects/79/99fb9e90db771eb2ed8a82837599ee742a4a04
  .git/objects/79/c9e577115ac3a3e2fd1ea6501f1a283c7fdba6
  .git/objects/79/d05114f0cd15bd1fb827dc034b37d70d852f0f
  .git/objects/79/f58eef9f8ccda015f34869fee0b2f77eb601ea
  .git/objects/7a/61e8328624f08eeab972b8e238da6f92e44591
  .git/objects/7a/e9318089b7dc361d424663b0e4afc680dc9edf
  .git/objects/7b/b8a73562f1d4b9b9a27190b0eb4a4832602955
  .git/objects/7b/c10a2c76530fe554175b3a703dd867a18a8077
  .git/objects/7b/d6975f30958e21abaa713bcd6592bbbc44ea3c
  .git/objects/7c/2db4aad9a6c6e15a65420b3d2b6cfa45200a59
  .git/objects/7c/70c3fc54a0fe5543dc31864c7883f82a2321f3
  .git/objects/7c/82fa0126994a2a7bceaafa87cc93fdaf82d9ff
  .git/objects/7c/a6de0691b43d55cdd81448a8da9745d3fd95d4
  .git/objects/7d/00f18c1878dd1b43e322702ebdb6aea33f237b
  .git/objects/7d/0307240c0bac959a8e652a920f6588642ef048
  .git/objects/7d/5495b11f57c490220bea3a593876cba7ec93a8
  .git/objects/7d/b93c69b2fc6fdb45ac6a87cdfd6502d16917bd
  .git/objects/7d/c39f6008ddef9c0c426eacc8ae94cbf6278125
  .git/objects/7d/cc20cccb9aae850f756a339d1a796d32780438
  .git/objects/7e/1a74a8f2dca584dfaa4d604a351066cb26f29e
  .git/objects/7e/81343a50a55ced6cb56638bbd3514cd115205c
  .git/objects/7e/8f6a072fa85abf261a197b719653e05176b726
  .git/objects/7e/ce8dc09aa2ebb783ac44ce13cc1c5ad6142eec
  .git/objects/7e/dcca6e95a555c668aa7439ed1709299f5d5a1c
  .git/objects/7f/3f8789e440b802b52b5bfc39d37f89bd41da61
  .git/objects/7f/8c7766bda31941915afe552a4e60a99ac01435
  .git/objects/7f/e59e1476f532cdf34585502bad3a9b82337a9c
  .git/objects/80/3c3978e66ce6889fd57bdfed103b39254dc27d
  .git/objects/80/7ea251739a053faee6d72fe9dc3ae80d80cc15
  .git/objects/80/e7834b707630d751057db6b297d47a628c01e5
  .git/objects/80/efc1b67c9066e38b0a29e1994687afa4dd20df
  .git/objects/80/f9a94b221136ce272fca76235d3580541724ea
  .git/objects/81/5866d6c354bc99c6f873ea4201bb111f1aed85
  .git/objects/81/6dcd562b33bc328d94878f7dbc467de26ef6ee
  .git/objects/81/c1d642d6109915d55dd8e96ce26693c9e80ce0
  .git/objects/82/6ebf47a8022fbaea0378a892ac4256714cae2b
  .git/objects/82/967941554b1d6b3c8e4e5b9d402a170fee9bb2
  .git/objects/82/97545cd3d57bc180eef86312c4b7ecd8fa1605
  .git/objects/82/cdd7b41430fc9f12c9da1d663ddd7de4f8bac0
  .git/objects/82/fada18383ff8ec1579f2ae95e02d92c826c3ca
  .git/objects/83/0c7a9443e3852851677fc558a0f04a62585756
  .git/objects/83/0e6ead0d0667da149c2f84fb13310e02c7f466
  .git/objects/83/23d565e0191b41499c4262c7220e00cb6343bf
  .git/objects/83/9517ceaea1d00e783e329ac22dae2fc1eacc03
  .git/objects/83/a130caeb93e3a9352bc44a30f93097deb6289f
  .git/objects/85/42b707391973ba906a2e14fb21e7275c4e429b
  .git/objects/85/758a4fb197fec0d08d32954091190ac8c20009
  .git/objects/85/9d616aa0ae4cdffd37818acbbf9a54bb6fcded
  .git/objects/85/b2a442c2d53b7e925c4c34571730ef6f2a08a1
  .git/objects/85/e3662d82c2ca3cbedabb1723257fc573d95315
  .git/objects/86/44b9714164ac1e15e6faca15b7fac8bed149ed
  .git/objects/86/53fd1f573366babe1fe0f872b8c5d008006c09
  .git/objects/86/9d81beebb40cfaa3a06f31103dc4f5c1e49574
  .git/objects/86/efd345708df0b7fecc7d9a21948d769f587828
  .git/objects/86/f618289b86eef208cff7cea7cde77274d1cbe8
  .git/objects/87/660877b8df9760d7ba4caaddc609bcaee2eb36
  .git/objects/87/88f9c8fd6b37b6384dae90e02874e6ea28bb7a
  .git/objects/87/ca8fe8069afac6f6a1ef4b18484d68a1e651d2
  .git/objects/87/cc9e9749994fc4ac977a0488c587b5da662ad0
  .git/objects/87/f6509ffdd5056f7e990067a2ec6a4c5cf348c8
  .git/objects/88/2c74db512401aa0963f40a9a496e6169289c5b
  .git/objects/88/4aa73f9e4757ada586e56062c8f4d70085e4e3
  .git/objects/88/5ed0a63496751c788dff52a642c69e9e0e52cf
  .git/objects/88/6b2902df9c0521bcdb6a56f9089ad76c1d126a
  .git/objects/88/9bf9cb6118877b30c6d26e7d935dabbc63ce78
  .git/objects/88/dbdc1c5807f7e83feb0391fd1378db9ce41944
  .git/objects/89/273ceda02be15d03f2036f300ae600f5e59969
  .git/objects/89/379ec51910eb1e8c94f03e6aaf7292c1095282
  .git/objects/89/af1444607583153fd21247074cd2b174ac256b
  .git/objects/89/cdcc2a684eb3dc3c5f7294d1e838a75ebd84fc
  .git/objects/89/ed511cda7fe4bd38087f17bdeae32fe9b58d5b
  .git/objects/89/f115285c3efac39142f23d6818732753cc0430
  .git/objects/8a/c4278f6cc5ef7f44743113ccd6ad009028bedb
  .git/objects/8a/c5532ad7b8e38878c76e30e5c798814575e63d
  .git/objects/8a/dca606bf69551402150f8efc79baca797b9ad2
  .git/objects/8a/f982ee6f8c60a7dac52dfdcaeeb03d345cdfe1
  .git/objects/8b/30582b37df035b80d74741c219c163fecbeb5e
  .git/objects/8b/c27ba7c4f2f420674b71493561ad47c0bb25dc
  .git/objects/8c/777c2442927e3a38b5114ab8055a4b53f121a1
  .git/objects/8c/892e8e76b9be36e57dfef1525fec5fef1a24b2
  .git/objects/8c/89636601df1dee0751a42dfb94c52080750b91
  .git/objects/8c/9b0a1a9b953370f48423159089d84387d366a5
  .git/objects/8c/a29d4e46f7cb8db6e26f5c5388563fa0f9c668
  .git/objects/8c/b4ca8fa27a7d0933a6da07e6bf80f0b992d608
  .git/objects/8c/d03855224e05e4897ee286c09d88c4dd8ec47e
  .git/objects/8c/db8451d9b90c1d4000c6f22eb86471a4568be6
  .git/objects/8d/26ea61c14ce5513f0dd0ce20d843ee2d3a838e
  .git/objects/8d/c4a8460652e51ec46a1664526112851161b17a
  .git/objects/8e/04be84362590bdbd78b0f87534998876daf86c
  .git/objects/8e/0e7e1e7bd7d5eb67673d31750109c122d9d81c
  .git/objects/8e/2416475d508bb26d29889de79f8e4c82b9c734
  .git/objects/8e/89a98aa8720a35288f20f7db1d8a245f021249
  .git/objects/8e/9006bad6c0dcc79323166f7378c2e6b1cd43c8
  .git/objects/8e/cb4b64c952f3df2cc92013e7333024ab56f5a3
  .git/objects/8e/e74b745e49d720e18140469ac4a12f2a5b8b9f
  .git/objects/8f/1949a01e1e3c8961d30e37c9c3ce5282285d61
  .git/objects/8f/5e6a80cacc0429623663ebd2c72763afa09e43
  .git/objects/8f/72ab6009e19cbe964fc12db41809a9b91b6508
  .git/objects/8f/94ae68f4a6001e01b39c299eae5013a672a057
  .git/objects/8f/99442dde22772579c85f7ec0671c3b6ac79939
  .git/objects/8f/aade909d5b013f16817d9f24291446bd6de8bb
  .git/objects/8f/e2d3497a241c2568a5c633a4997e0b0eed754b
  .git/objects/90/019c126ee79312fd82070c5ecf6e0680a17bbc
  .git/objects/90/2c01ced6fc7eff51ffa62f797c0e45ff81cbc6
  .git/objects/90/8ba9613c13b61fcf7d9cd45b2f05d22e12a01f
  .git/objects/90/dd12fb50cfea44272dee1ebe337ec833eea846
  .git/objects/91/02283866aa51c8c710b197e3795d7bcd8a8a9e
  .git/objects/91/114bf2f2bba5e0c5252e75018da19b869776f1
  .git/objects/91/2d3165206650ed6b94e416a63057a550ac6d9a
  .git/objects/91/53d280088e1b7c9120d0b809792a39c97cdf67
  .git/objects/91/71e4acaf2a5f439c0953461ffbb09f906f3a07
  .git/objects/91/a0c2f7a17851d8b85323b67f12c3fb9db5be21
  .git/objects/91/c7668ddc36bf026d69d7369a082d14d667f016
  .git/objects/91/ed13d51b17118ae7fc46984032b92340bb73b7
  .git/objects/91/f4a63d3597de6239810edea546e2f7dce819b3
  .git/objects/92/13d83a4f25fa8f5da5f9e321a2777b56c00f90
  .git/objects/92/1b28a7a654b507c434854584fe4572b47065b3
  .git/objects/92/4b69e0798c3a71924044f216bb5bfc87c58360
  .git/objects/92/7e393f33bded1ba5c9ffdd5c20bd767e5a2f93
  .git/objects/92/bc1c3cb98d32ee122c2aaeb54301e8b5ea9d54
  .git/objects/92/ebe0df98a6a21d93b54d84acb1fb07abc9a9cf
  .git/objects/93/13cba2dbf8d05f08aebfbc3528dfb5c74611e5
  .git/objects/93/40b0115ea796ce70f1370bda4050eeb7e8ebe3
  .git/objects/93/4759ece00eeac2dd9fd7de8cea9b1c84e9d980
  .git/objects/93/832c4a654da34a2fde25783215172e9479be52
  .git/objects/93/9341892a52830c9221677441626ca22057aba7
  .git/objects/93/f86b1c0a94371489e4cd6043eaa55283dc3378
  .git/objects/94/0ca60b4abc461acfe4dcbfe6dd58eaae45c6ba
  .git/objects/94/4d8d368ffe8494857d06dbdc19c792f320c5c5
  .git/objects/94/73a09db0c9eb12eee1a06513dfcd64f8dace0f
  .git/objects/94/b8e00e83673500740c8819dbbffd37157689fb
  .git/objects/95/2927c39381c63a509e6a158890ec095ce8aa45
  .git/objects/95/453162d017c0d5eee7b04ae95cfbf2779e120b
  .git/objects/95/a5cfc9434a12f5e3bc79a69c19684f68522f18
  .git/objects/95/a9afad54bd1497865bd58403b79ee89a398d58
  .git/objects/95/b0bd6c14cc0b41746e5d3ac9ebcb718057c797
  .git/objects/95/b48c60715c68e98f2cdace26ae835e46441f4e
  .git/objects/95/ccd0d6a600302c3c4fcbedba3c2d40cf5611f4
  .git/objects/95/d2dbfa782fd5f1c8ca0691d068c105c25cfd2c
  .git/objects/95/e5321b09bf7777a37b06648fd211ffe5a71c1f
  .git/objects/96/82052abcfa8986d3fde87a893f71c68a8e9be8
  .git/objects/96/966db0325389f471b7d8a743037a5d181399b0
  .git/objects/97/b4c0b617b6cd8275ae68b456ea8261a737e6d8
  .git/objects/97/eac9b96c0423ca30b824b4ea1af45818e58f3b
  .git/objects/98/0fb20afc6dd68e3667cc05bc75286e8774e643
  .git/objects/98/1812b2882571c3e2617c6c50e4f4331ba5098b
  .git/objects/98/197fef3d76aacd8556b1dfa25e04412d495576
  .git/objects/98/218ba05f06ddf6d073b0b6dfeee5d1f801febd
  .git/objects/98/708b698a89184c1b15b8862d345dc2819a5945
  .git/objects/98/c3eb223b3bfee1dc625c21c6ccc7b1ea78da58
  .git/objects/98/d1be9ba7894672749a49b31695a89f9e44cc21
  .git/objects/99/2325dad4b64f51a93b5074eeb092d5430b241b
  .git/objects/99/595c64c8ca2bdef60f81570e6834212026e341
  .git/objects/99/b0daac856f0429aeb1e812f2612290d7a1ac85
  .git/objects/99/cf4da1a7cea25bb0276f552ec519959ac2f436
  .git/objects/99/d40bbfd88f03db812ac43e076c07a7123a03b7
  .git/objects/9a/1a4f9e5d72284f61a7db717a39e661038a879a
  .git/objects/9a/7141049e0b5f5d8c6d998bc985e05d2c9b6778
  .git/objects/9a/b22ef84559c8d66bbe83f0c11a59dfe5606d17
  .git/objects/9a/ed1a19f6a4c7433d1bf3458f9616ad431a52e6
  .git/objects/9a/f1e8c0513fe09d51ceb24d462729f56fad789d
  .git/objects/9a/fa5c17df6a594fd10ae4a1ff2a0e422f6e45da
  .git/objects/9b/076aa25e6ba05ce0f6dcfb4441e14e2fe8640c
  .git/objects/9b/180748d5c86f4482db0629dfceb82aec218786
  .git/objects/9b/4893216b1e55308f85b55ff5d3b6c93e234d3b
  .git/objects/9b/6aa6eb77ea0d488c921c71e933adf366fdee62
  .git/objects/9b/98b98c783e7892563208cbaed42e6411b702ae
  .git/objects/9b/bf831959fcd11d0c4276fe76ef7d5d73e854a7
  .git/objects/9c/1f04cdbbc5332142a39dba305f8b266fcc3d06
  .git/objects/9c/61e86294032f67a0b0230dd325b05695ed92d4
  .git/objects/9c/8f8d06422ad6305c9b01b60ca19326b8f6ba52
  .git/objects/9c/e6279373bf3632a356c475818f7d4e6c44589d
  .git/objects/9c/f0c4454e20f8a13dd8df5f4123f5fbbaaab8fe
  .git/objects/9c/f5152e7f84bd69293a82e0b35bebe5788d2725
  .git/objects/9d/0d0f70b3d9b50cf84ea3dbfbb690e4da2ab634
  .git/objects/9d/6c609000d85a83fc96681f63cc6b104d87c9c5
  .git/objects/9d/93a003e43b32594d1929493ec1434c6ff7f71c
  .git/objects/9d/be62e7e847209f7cd6ac1b34662b6da61fc281
  .git/objects/9e/33f228a9be9700148f11182ca2980b9315cfcd
  .git/objects/9e/ea5f6394136f4e5d069125f20eed6c9b1d02cb
  .git/objects/9f/864663d8fd3622d24a31f08c97ce922dfcaeaa
  .git/objects/9f/942cad986cf95a3d0a6c883902c79b3348eb1a
  .git/objects/9f/befdfd4737073783f53579632f251f0c0250cd
  .git/objects/9f/cfa7730df3a9cdafe7edf2f382f04f2f2836f8
  .git/objects/9f/dc4c0126992da3f8bb6f08468479aef7c47be6
  .git/objects/a0/87d5f2d7fd356215670c379cf6e48b4b69a4ec
  .git/objects/a0/9ea9145889637fbe434d90f73bd5547038d34e
  .git/objects/a0/b46c05cd8719d16778b257d679901c42eeb494
  .git/objects/a0/dc15415c16179505970b92f764f5ce2cb35f01
  .git/objects/a1/1e0739b4ffa86e0620d9a1680ac263b5811b02
  .git/objects/a1/51ddc1c88ccbba83bf5f5bb11511796360823d
  .git/objects/a1/6e750c6de1311efa129c95c7a2c46a3d1ee43e
  .git/objects/a1/e104eee0932060f6eaa2674465cb6321960492
  .git/objects/a1/e3a7e4b12ffc3a32821ea4ccffa7667a9256f4
  .git/objects/a1/ff5026406d3841ace955dddba856a918f7b212
  .git/objects/a2/1a953077f044cb9645368a23a61150e1305b38
  .git/objects/a2/2098573fb4a95176cd2c583d394a1930b1c980
  .git/objects/a2/2b558776d6b7ca15eb75a429267b9258b7179b
  .git/objects/a2/570df269db56092641586796f2e9aecf5de1e2
  .git/objects/a2/71bc00257b7e61c309d3948a34309c47d6e04f
  .git/objects/a2/c9787b9d390974259872ab77da6d9ca55a4109
  .git/objects/a2/e8c7184aff852bbd3c9bdd43cf193f8e568956
  .git/objects/a3/2227d016b0ebcffc5b9177ff2eb17978cc0ced
  .git/objects/a3/2e4e7a25242bd87f90f6ffec08c9fd95d36978
  .git/objects/a3/a32e78f71d49cd3b56b744c9c9ae7f030a5fa6
  .git/objects/a3/e4dcb8a551a5349598ae4deb9f4fa251ba0187
  .git/objects/a3/f5b1922af9833a5988684d68027349ccb65836
  .git/objects/a4/05cf1aa3b80ff8febb7374dc809d8ac07b9844
  .git/objects/a4/0e427157fb01167374afe1621bfeb099b23c0c
  .git/objects/a4/29b014db510fbba8a991b02749ad8cb89add85
  .git/objects/a4/3cb87c7e84ae4e0062e1b8a4ecdd27a07c9522
  .git/objects/a4/48b92c9cb3eaa766c5ea2d3ca754b82c693932
  .git/objects/a4/6bfc54127e194094dd89433b08f1f085a7aa9d
  .git/objects/a4/912efd6429759c1e0b23f020abf5667d37ffa9
  .git/objects/a4/f5bb053ea9e928f1a874cf6e58d6972a459933
  .git/objects/a4/fb8a76e9548b4fae5660317bec7a986b76c2bf
  .git/objects/a4/fe15a269d1a909e8a44e46a2d26c0740d55e3a
  .git/objects/a5/b2cc5a3411d1b80b3366a5811255eca25f568e
  .git/objects/a5/ce92c3bbec286dd3d6c9e3c6d01212cc861887
  .git/objects/a5/e080dbebc8c070e9d6c6b667921e49aeb70707
  .git/objects/a5/f5e74672ded9a9a8de613e46a8d915b0d73098
  .git/objects/a6/1426f4798d7e5e44cabccfde25ad085cc814af
  .git/objects/a6/4c66e8ccb11763196825a4b8bb7eb91edef430
  .git/objects/a6/9879e5b824f5982afa4fa5ca9c30024997a93e
  .git/objects/a6/eadc8b4b5028a84e5505ce160a147b88df7408
  .git/objects/a7/309098cefd8feae9d33d6f51d5b8f85b8fe0d1
  .git/objects/a7/3f0ba94cf9e36c0adf4b8702ab8e66d64394e6
  .git/objects/a7/7328e03fc66e74844761d6811ae217648dfed5
  .git/objects/a7/857b4fbc2ef4fdc881d2f50d08194f1d01de7b
  .git/objects/a7/a7ae5740a737ac720aec266edf3226d7f9b34f
  .git/objects/a7/c98a1fd774cc546b0ba241c098b1ad4467a1c7
  .git/objects/a7/e1d40cba36e0636ebef68316652ce8c9fbb5d1
  .git/objects/a7/ede42b4b0231e5b8be2137f9372b0cb42e5273
  .git/objects/a8/35e375136c69b4e4a9812a108eae8cfc7e813f
  .git/objects/a8/3c255d12247d6ed24d971794d4717f183f1521
  .git/objects/a8/70265343360c870c2d8a47d7ac7f7bc2a25fa3
  .git/objects/a8/7a30b182dfb1d27c89ded7efccba7a8ec31c74
  .git/objects/a8/948cd365417be71cc3829571beecbc0c8e7e18
  .git/objects/a8/99439206a0b1586b044f98f7687b12a437486f
  .git/objects/a8/b2a073b0463b3995cf68e96cd9da4c183b663e
  .git/objects/a8/b436c81930f9f53cc9f13ae4ba316fa97769dc
  .git/objects/a8/b9db4e04be06de565d04f0ca5f1f74b15a3233
  .git/objects/a9/3761c2618a67c74f6c3adcca45b70ca66fd907
  .git/objects/a9/737dec593f549df82151c40f5e9162d87d2bf2
  .git/objects/a9/8bb3ebc8de8a09144c380af3a85423f2e9afda
  .git/objects/a9/d53dd8e7b30481b1ce68b54c9e96cf3d755d55
  .git/objects/a9/ed29faf039f7590de3509e693bc3d74704aa25
  .git/objects/aa/53a5a807926e6e8096220561d89983f5c1c7c1
  .git/objects/aa/5e02adfcd12b5e7d8954cf23ff3238ec52211a
  .git/objects/aa/80f2a00dcc440c5aba0b9f21797c24ba33283e
  .git/objects/ab/0177faf5bb2a46242b2b207690ac662ca51c29
  .git/objects/ab/0b445b35827c9855c0ef299f18dcf84c9df49c
  .git/objects/ab/43ef7baf4fd53689429fa6279f8441aa761770
  .git/objects/ac/095d95ffc81bb33dff10456aac95a4c63e5378
  .git/objects/ac/50e1deb595d390052bdd04d241635f44b1f61b
  .git/objects/ac/a03ea647a3e9d13e9238b06379251144c1199e
  .git/objects/ac/b366d36dbbb340165f35233db4798c1670984b
  .git/objects/ac/e0d2093c73c6773387ccdabddffcc49040e2cf
  .git/objects/ac/fc842153764952ac582bcf0a3123de47e0fb4c
  .git/objects/ad/9f6b429b4df14b5cf4b0aa32c6706cf6e25450
  .git/objects/ad/de2d3c859614e1fdd0c0bec616457adf2361fc
  .git/objects/ad/e9add964181ca90b71262f3ef3151ced512e9a
  .git/objects/ae/3f2370bf9536df766ccfec83735afbbb746da9
  .git/objects/ae/50e8d1bc8cee69e3bd7e0c9511354cb8580e04
  .git/objects/ae/52da2fda10348790383c50caafa24521814153
  .git/objects/ae/e19e057cd5274c49108cd0bafeb187e7caba89
  .git/objects/af/322b73a94e4b19d3b9de9bc4500dcfeefd1155
  .git/objects/af/81b7fcfc65ba16c903ede0d61931145cfc7874
  .git/objects/af/9668d2a9ee40abc961af11263b7e593c5b1c5e
  .git/objects/b0/23154a6c9a5c0bcfe737d63845f7554f788205
  .git/objects/b0/36ea735a2148a6fdd7f2e8932a10aba418b8c7
  .git/objects/b0/98172a5eeb5527a7bc5f5d5009780ce479b89d
  .git/objects/b0/ab99f5081a2df5690e46359ca74f095d8ec147
  .git/objects/b0/b21a58c7f1bb6b49123eeccf1dff7a29958f99
  .git/objects/b0/d3dabd6a3c0982a1fc0b7c0b5d91140db64648
  .git/objects/b1/6ee9dd73548031361045ead242203138fbd5cd
  .git/objects/b1/b4f478752a90dcbcc609d4e65b4833c0dab866
  .git/objects/b2/4fbdca6c2d60ddb525860526151c3b86684402
  .git/objects/b2/db90a54349e24b2ac01f7f0309ff9645fcd18d
  .git/objects/b2/e6c6a9962795daceb07dc22e1982682e9f5cd1
  .git/objects/b2/fe73e462360d054127c7044acc9cb3f0914e1c
  .git/objects/b3/3a7a9da06645959f6920348baffb05b0dac969
  .git/objects/b3/7191624f8fda1cc00b4b3e035667d8fad2013f
  .git/objects/b3/b3a22c01c3abdf6e2fc6d076056aff0ce11429
  .git/objects/b3/b5d3d19b3c9edc24ce3415a8dd1823f35bc718
  .git/objects/b3/bfb42b46d01658d11681d4415f5ded7632f00b
  .git/objects/b3/e21bebfa50013f3054bb7044310a1631387bbf
  .git/objects/b4/04e08bd5f92c605bc1acd3d5dbdaaeb8c36b4b
  .git/objects/b4/cd82ac3d148c5ae9277497c85200b7e54e5aac
  .git/objects/b4/f0bb68bc36b2cf703d804a804a694ae293f81c
  .git/objects/b5/4e13fd39f98c73463b53c40fa51c5c9df7fde8
  .git/objects/b5/8137afb940e1968a0ce0c1ffabe5f596aba83b
  .git/objects/b5/8679f9341213b8f720335adb0b43f9c417e6bd
  .git/objects/b6/1f4c0e2cabbee5f932ad376965a28d73c24de8
  .git/objects/b6/c34c96f1f9b73e438abaf76ef1bd0584c2313a
  .git/objects/b6/ea24ed799d7138e3270f01310b81ef18a875bf
  .git/objects/b7/0dcddb67f03576d236f20e9a70579209a63bde
  .git/objects/b7/38ecc6f938ff34bcae26f531ddc3269971bcce
  .git/objects/b7/5244ddb501e4b6c389642a58c826da5ec44aac
  .git/objects/b7/ac46de0b751ea255b76134cc518c1399615565
  .git/objects/b7/e6fc1fcb82ee4432aa640b7543c5c7111adbd4
  .git/objects/b8/41edb64ffee4eb803e3e985fa146da835dc203
  .git/objects/b8/44260e4fae7c3c05934ffc5828daf07b4102aa
  .git/objects/b8/4bf545cf578f2d4267b28f01e871b6447478ac
  .git/objects/b8/844da6d03ac738d801a115a725331d0b709cbb
  .git/objects/b8/987697d6d43562e9579eff86cd02ad53a0d13e
  .git/objects/b8/b4e5a1355d77a0853e1d193158e50c6a399e1b
  .git/objects/b9/1e78983e2f3ff1d97e9b5aee6582daabc8aaf1
  .git/objects/b9/261e5f131f8e741c109e87ea2f3ed983e02337
  .git/objects/b9/4cdfafdc106193e1ad9ec95ded8b3c551e3ee1
  .git/objects/b9/7114f84d38e18a339a5d34a42d4e3f463446a6
  .git/objects/b9/a44209e6fd6ced56bbf8fda725f2a1635de17a
  .git/objects/ba/1d3cff8aa9e66e0a107f0377784078b4566acf
  .git/objects/ba/c09354ef5bd1500aeb63da683f11f715bb4f45
  .git/objects/ba/da0942c1e532d5ee260f22d19b180a03f9dfc6
  .git/objects/bb/307cd6c6c8b8c33a07bf935356884118023150
  .git/objects/bb/4704ef727b57ac64314997d2f7e58d9837aa7f
  .git/objects/bb/619aea704b369923f60eafa4455bdd2dbf6017
  .git/objects/bb/8afd8f2ed7d1419e2e0f39848590a9eaf66cb7
  .git/objects/bb/d3732b544aa326dd81cd1e26bdfd9fad68f686
  .git/objects/bc/100d6b7544dfce62ead79edfe8c09126a02110
  .git/objects/bc/554c3829f9c6261f88e5902f61cfb2dbce7a61
  .git/objects/bc/5789953d71d242dbaf12e4d927c21cbfa5b458
  .git/objects/bc/79284ace4794e9ead4623533c1a24730118b08
  .git/objects/bc/7ab6e6057237e691576fb5ba8e1e0d3336da97
  .git/objects/bc/939b1568ad6cecc1e2bbf214d2a783503f6274
  .git/objects/bc/e1f94e9ba38e842099ce791e3926b4ce75d397
  .git/objects/bc/e557c139dbaee5246c63bf4d2747e62242318d
  .git/objects/bd/25fdf050a7fd1bfa48d1c313f82fd721ddb8a9
  .git/objects/bd/2fc0fe87c0065d7d697ac261fa475bdf4d7263
  .git/objects/bd/5051acc601961bc5a34d139bbd704f53ced1eb
  .git/objects/bd/6589db011ae03b8b67b05d3ed0ab0508624558
  .git/objects/bd/b616e1585b81f96cd69defdd47854d5ba8f9bf
  .git/objects/bd/be4caab80bdf0dcd60b6aa17cb5234bd3fa72d
  .git/objects/bd/c42dddbac2ab57d3c5412ae5037b8d96ad950d
  .git/objects/bd/c9b3d643928cd05921a712860913072c98331e
  .git/objects/bd/d898947eea1aa33b3ed4778c3f68cbc95b0fd5
  .git/objects/bd/e61946729b45578b310362fdc2b577fe3b6189
  .git/objects/be/8fb22e38aaad4f33a912299d4352a1f97e7d5f
  .git/objects/be/b07aa771c2d496c72c563c6bc0d7e908e82041
  .git/objects/be/badced2f9192627a1627c4bf1a676a2b4e01ef
  .git/objects/be/f971dfdb9cc278f761f2ebbafe3999128e75ba
  .git/objects/bf/2cdfcdb191ab97bb40ec9dcb16d87ecf4d0d74
  .git/objects/bf/6fe6ead58e419a558cce0893b27418a052e4cb
  .git/objects/bf/8aa09fa85920074130d259c0120bb05b48d849
  .git/objects/bf/8e5335814e343075aef4f703d57e60125dc3dc
  .git/objects/bf/9fd214f3555b5ec5dca42eb92166cd27f5b118
  .git/objects/bf/a31df60fafa2fe82dd43679fbbea49ff6c82c8
  .git/objects/bf/a81791ac1c3e2b9cc18bf97cf8aead38d6cf44
  .git/objects/bf/de131838b6e344b98d54adacefd7520d0c38c6
  .git/objects/c0/40f296b6d1a59a309840b317eb6c1117c60291
  .git/objects/c0/517523d0a836f4cde78ba3de68db601a694bb6
  .git/objects/c0/9455c5afe4332d904cc50e3879e904bc705902
  .git/objects/c0/baa2de347fe9755e91dcb986f75a51cdfa1d06
  .git/objects/c0/ec9a1659acbd142cd5d6138cc8587509bdd910
  .git/objects/c0/f35d4b48c38567c6924e1494624375214e437b
  .git/objects/c1/1a7674eb9808cb707511d348a94174b334c606
  .git/objects/c1/2dafa81bb137a4f3165114858f9f3527c6525a
  .git/objects/c1/9e6e25e058773bf669b5389f90a8660fc1a397
  .git/objects/c1/d6896456b26f25a6e8c1e36f63dbd6a9cc25d5
  .git/objects/c1/f41806ae0f46f84d34675e7e85e8b2617f5e20
  .git/objects/c2/046b4a42df6fa8878cd459b44dc24ebc1f010e
  .git/objects/c2/1eea730eac2b0a6036393e510cd1c9d085d3fb
  .git/objects/c2/542cd4194b4efd0ba7057c2e7e034e1d7b9c2b
  .git/objects/c3/78a44dfd6a00b3c8d261614445644dbe8bcf8a
  .git/objects/c3/7ab812c0d500089c336ce6e9244c6516b7039f
  .git/objects/c3/ad4f76c0586bcf07767ec65f19e999f3238b3c
  .git/objects/c3/cc821091d2faab2e3039836a12e3161a844768
  .git/objects/c3/dbb115763bf72aac11efa7d3c18adabe943b17
  .git/objects/c4/5958820f39d4d5e62c2e4a6008d7e3161437b3
  .git/objects/c4/6d157aebf3911254880f568b7ef6aa75602416
  .git/objects/c4/91f9149977cbc250ff97195e9582b7fa62e6ff
  .git/objects/c4/d4dd6e982716f9b9d951e68265613f21ec9148
  .git/objects/c5/841426592ff8d96e0737ceaa53b19356a89117
  .git/objects/c5/8428c69f4d4d08229166354bfe1248787b19c1
  .git/objects/c5/a1d932b76286a357d40e2c9fa02c2b581cb087
  .git/objects/c5/c0793423187b1450b137751f5527fca0c5fc86
  .git/objects/c5/fe6fd8c49a7d1aa1385674793fec77afb971ce
  .git/objects/c6/2f8c9af002f2fe4e5726826842b77158b3608f
  .git/objects/c6/902e4ed3c6b7614f17a330840302550b2af61f
  .git/objects/c6/952a0eb608ecadc43c13e81cd28d1af7fa5519
  .git/objects/c6/99a9bc7e97705de47bbde834af90a264855936
  .git/objects/c6/9e29b7d0318946298bba76f0734c57352bf528
  .git/objects/c6/aaad4c49f90339bd1b7b019dcfe4823446c88b
  .git/objects/c6/ad2e57f9fcfbbb92aa69599b8880a4b11d01b4
  .git/objects/c7/01bad8af8fff2ccfdeec792f982aedf04318b5
  .git/objects/c7/59daa7ee5fa34d38caad078e23b3ac479ec709
  .git/objects/c7/9ad4b9d31ae89429863c2c7a01124896f5c551
  .git/objects/c8/afa6be96d33d58bee6db56a5dd61c1284c726e
  .git/objects/c8/e2501fe936070ff7a0b8c9d32028768110729b
  .git/objects/c9/0d2523991f3901f585b3eae07790d506a5f5e3
  .git/objects/c9/1dab803afd88ea6d16594b4d06cf827388e046
  .git/objects/c9/4bb469e41a9ce93b90b94e54bd3a16e88c71e7
  .git/objects/c9/8ce91abfd3cd7fbc9f3a1d1a06be7cc32775c4
  .git/objects/c9/b10296626b07832e4a35f442693e26a6c16576
  .git/objects/ca/049bd505a0a3c5f7f08841e16a7c77cd83e4da
  .git/objects/ca/070de2884d14d25cb5e756c119474d7664b593
  .git/objects/ca/33b9ee905eb001c1266872c469e6009ed69ce7
  .git/objects/ca/6fdb329e617dbd276ffb3e152debcb9892f415
  .git/objects/ca/a2b573ea5472261c4df7c11dc4ae002a033612
  .git/objects/cb/12a945d89e57fc779e453e78a8fd034f9196f1
  .git/objects/cb/3a7552b6c09b6c1dba1bbe7b6cbe013a280777
  .git/objects/cb/67aaf3709560f56bddf36102e16ebc2f4e09a0
  .git/objects/cb/885aa77eb281c9883b4548b53fd73daef5e6d6
  .git/objects/cb/9cc0571f51c7b70dabf5e4a1880e3e4b31a08e
  .git/objects/cb/d7979c843d858a95f58aa45e9cf82c2b9e9f00
  .git/objects/cc/1ccb481da133388df86506243de2460c3fe89b
  .git/objects/cc/4efbf67d3b1a254068614836f649a7d692cce0
  .git/objects/cc/5898225d2e9654602222e82bf34f47531497c2
  .git/objects/cc/60675f4e30363a34c3af0886e398267f1dbb53
  .git/objects/cc/c0293a748a7f56cf57ae20a606bb7514ff79c3
  .git/objects/cc/e8323afa05d2a18462f13f1ec7d093fce6f185
  .git/objects/cc/f404fd9a54b5e3133327e6b1ca075d1ae8fb56
  .git/objects/cd/1012f676a741ea89e049e83773d44af3bf24a6
  .git/objects/cd/1f614fa9c6e62437157220339c20c14171d033
  .git/objects/cd/30e3499d0d164355604aa01a64b43e196f6354
  .git/objects/cd/48b3bdcb8da3dc8835e9eb55b376fa9876dfff
  .git/objects/ce/8e27109ec2500f8c9c0ae4ddfed1f7f32ef07f
  .git/objects/ce/c8a5a4576eecfe23f1c0ae299f7024eac93875
  .git/objects/ce/ccd457cc2f0b6dd9111e438dfd652f531c9c6a
  .git/objects/cf/a9d361cb213df4020684f39d73810010bb8940
  .git/objects/cf/b24083e775c38a728f4d6dcc7fde1d7caca1a0
  .git/objects/cf/da697a2b7c4f9e9c3b4fda7d97aaaa030cc192
  .git/objects/cf/ec995e18a75c48dba2fa96e36c1435e194d7a2
  .git/objects/d1/61937732eca580c592df722380f698892b7be4
  .git/objects/d1/96ec5332c6eaac03550f387b598808679ea835
  .git/objects/d2/1d4fc48a8bb2af05a2afb17ef84120c087806f
  .git/objects/d2/24084162fe1bc751b857729adc44d4a97197d0
  .git/objects/d2/6f30787b729f29673f91272905d4623be59ef6
  .git/objects/d2/79069ed1878ae4fc063a4a24642afa25cd8a68
  .git/objects/d2/8812d0a0236792574db1afcb1f861d6f3220e1
  .git/objects/d2/f6fc0fbca6fec7c7dab3bfccae3cb6b2d98ba1
  .git/objects/d3/40f79086d11dedaa8adf175bd5275f2efa0a0f
  .git/objects/d4/40a5e860169f58a36b319b9abd791f2b103867
  .git/objects/d4/8149f57bc1795a8f874f48681d6729b226aafb
  .git/objects/d5/1453200b77920ce75af744cd3f6f16d3346316
  .git/objects/d5/75b5e36bda4ef9b4900ebf89293cde64aefba1
  .git/objects/d5/980982c27418a89b8ec168635f6c0185300b54
  .git/objects/d5/b8b96ac52722e4a1aba215e95c5a057a269dfe
  .git/objects/d6/188fc3359b412a6df4079fa89068693b6bfa26
  .git/objects/d6/21a1e003dae232e78eb41257682ad564f382dc
  .git/objects/d6/450fb6bc746ead4ceccc6f2aec44edd745bbee
  .git/objects/d6/97237217afb657629e09ce106ca3272f41511c
  .git/objects/d6/a469b35099e78102b762408ac65df1f0aab31d
  .git/objects/d6/ae6762558b721ceefd9b5a249e0e1fcb446bdc
  .git/objects/d6/aefe6a25bffbbee8983f62ba5594e548efb96a
  .git/objects/d6/efdc177933c4c5f5735f0f68768c10b8369c85
  .git/objects/d7/49b9836c7349b048802433990b094df825abac
  .git/objects/d7/5de7a8598ab9f3535e405d51fb00f4bc627952
  .git/objects/d7/72ff08014ba96406b732c23fa44cdde1e9f3a4
  .git/objects/d7/af583af436dd902e3d5c7018f16d7e0fc6acbc
  .git/objects/d7/d2a54ab9e803044b6e9266edca9330fd22025a
  .git/objects/d8/3b262b012bf69ba2ebe101d34aeeb3d4fea289
  .git/objects/d8/59fd54b394eb99dbf1a9030101f47504622be3
  .git/objects/d9/1c3e88971f5c6ce6ad8fe31e35c6a4e419f760
  .git/objects/d9/4307f69e1051eeacce61b782f7fe44b55c2fe3
  .git/objects/da/2105e27fbc483352c7d4d00ea122855fbb4dad
  .git/objects/da/b613f4e4350ed419e6fdf98c086b20ce0f2358
  .git/objects/da/eabb0bf017bb41b4de42f528fdb8f143289e14
  .git/objects/db/59345787de565a1488725fd3d2242a786ec338
  .git/objects/db/66727a64ebb735d091230774aa70c8364a1b96
  .git/objects/db/7daac30a72cbe365f2dc5a667a8dda41311d4b
  .git/objects/db/ca1e3e48482f527745e622db0828bd507aa781
  .git/objects/db/e37b169cf78edc59bae0823661b5f0cb1fb3db
  .git/objects/db/ed0989ac3e322433f608c7efd2fbe52a65183d
  .git/objects/dc/1818d4e65f52ff49ba9f609f37569e7ccef9f7
  .git/objects/dc/8ca4afa34f28056e88a489b57e0daf09e30f3d
  .git/objects/dc/a6fb33c2474ea92ad24b301aaa4a73b98356ba
  .git/objects/dc/aca43dc12db133b1fddbf1bb81ae8798db3e01
  .git/objects/dc/c844957c47e80900ad175f7adac50c820c161d
  .git/objects/dd/122051b140466c93724afee8ce3439809e8c6b
  .git/objects/dd/bb3d27f99ace922012d560ab8b7b230407f8cd
  .git/objects/dd/ff32e0332622ecc69d278ab1b12cfc5478a1cd
  .git/objects/df/0b6f3d8db279202c91bbeaa6a041b91f9539bb
  .git/objects/df/abf96b84b5af1038f8128199375d0dbc699eb8
  .git/objects/df/bace325e207211d88bf7e7e9ba4517fecaac9e
  .git/objects/df/be64c0445065c1d86a23400379fdbffec22b7b
  .git/objects/e0/2ab6babb10fcd4aa35a92239911f276cd6d048
  .git/objects/e0/501cc1fc4612ed3dadc20f0bda0b44bc9fff8e
  .git/objects/e0/800be7b3f73dcdec01a8a70d5f8024d899aacd
  .git/objects/e0/9d57c7dc4eaff61175a92df34af18befa49fb2
  .git/objects/e0/ad15bcbc1c7ad102749c9f1316656bc5380bac
  .git/objects/e0/f887a088a92ff619628e78b484a1a1e43fed6d
  .git/objects/e1/67c47050be275042c50573081a119d7e2bfbbc
  .git/objects/e1/9306a86dffa4545f03e1a1a2f0459ef914e7ce
  .git/objects/e1/9384a901b5a259bb7af7931f0ef178d1c6c6e8
  .git/objects/e1/aa9bc3372ea6a06cbb988444b06aa38b2d2a7a
  .git/objects/e1/ef3b8dfb7603750ed5b5339500dbda6f346913
  .git/objects/e1/f236b3f271c5413b20efdb7548f6b0eb7cee0d
  .git/objects/e2/2d5636ac7dbc58f8090681689628b69256ff77
  .git/objects/e2/412505a4802858d13e9859e0329ffc52fbc5b2
  .git/objects/e2/e0283a4766d107f94e2d14d281ad41e271efb5
  .git/objects/e2/e6af43e4d06430eadcbebfb70f5bde6565d64c
  .git/objects/e3/095d949a7d4884c6f33578d89e22afdc88f0f4
  .git/objects/e3/221b00c3280ac5a77f9aeaa89592d23069c38e
  .git/objects/e3/3d814affa94d6462f66ff41f65e8ef4e22b439
  .git/objects/e3/90fd68f8814c4da12f30e1f1eba0bf2e6afcc2
  .git/objects/e3/e628e05ad0ab99b942d0ee6244888b9fdfa7f7
  .git/objects/e4/76237cf6af4a4342c88d1615a0a7eb505a98d7
  .git/objects/e4/7992bbdd6d3704d035f796a61ddd2c957fbc63
  .git/objects/e5/32e95b96ee4934240c98bcba3fe0841d004caa
  .git/objects/e5/c6b27f9d982b69b90a10b7eced5bf58c68f3c3
  .git/objects/e5/ead74ca6c1b065e4cc1cfb3350a1604621595e
  .git/objects/e6/56a10111da213a0c9232c46c5d3b3b82682f1a
  .git/objects/e6/8e9acd55dbeb31c278bd75f049c2d38591e373
  .git/objects/e6/9de29bb2d1d6434b8b29ae775ad8c2e48c5391
  .git/objects/e6/c799de2d6175a4a058e6002d559586a9c3f49b
  .git/objects/e7/0363f282fb2132ec24d58459c860347979a3d9
  .git/objects/e7/39f85658bf0f2bd2ff117a976bbe87d29e971a
  .git/objects/e7/e0214921c6fbe5b85d3a89e915e361c68d1ef1
  .git/objects/e7/fb55ba04bb17796f739ddd7cc9927d3694f2ee
  .git/objects/e8/11c6c162bc075f084542d6bc5f97311c123fdf
  .git/objects/e8/2081aa17c96c90d2b0bb1e38327954ce83f40e
  .git/objects/e8/35c60a6299ecdcf2aa2d1700f5b56c878f0b6d
  .git/objects/e8/6a05c645e3dffb12d9e852041442d2dbfde24e
  .git/objects/e8/98a0928bb242474481a34d2877e69ef8630508
  .git/objects/e8/b7575df2eb15b6a9be5c2803ac6ddd950e134a
  .git/objects/e8/c3107bd913f624296c82b243768648b527bd82
  .git/objects/e9/1e04661427c94358427b51aa0291ae5a245b8c
  .git/objects/e9/43445787f47dbb6e0538fb17e2ac03c0fe0f1a
  .git/objects/e9/56fd771b9ec0c2a16b316d8f76ebee74ac6067
  .git/objects/e9/815a45a54bb2410c3e0834b77d4b26958e950c
  .git/objects/e9/d38c3f4c877d43896dd1281757d76ac19fd16d
  .git/objects/ea/a32a75aa82573c8935a43ead37293268011114
  .git/objects/ea/b17cd0a4f3e19679e6bb458ebde6a425517ef3
  .git/objects/ea/b31eff8e45807b217da7be93d2fb177f72f673
  .git/objects/ea/b79f8e708376fff935c30ff587732b8159ea93
  .git/objects/ea/ecf4d984798c2a9d35f906a519d6ee62871bd6
  .git/objects/ea/ef37171113a07b31726f712fe4324b6f84aaf1
  .git/objects/eb/04c321abb50edc4c585557bc61bbdaf6a017e8
  .git/objects/eb/1e8578effe97e4639198b7d6f703165739a7d5
  .git/objects/ec/9e97ad0b44a756820e861f61fc1fd463ed1dd0
  .git/objects/ec/a069754c748b6003b82e5e2521f1e00c51d255
  .git/objects/ec/ccf057d5265b0760f88a79afb80cd6e45ed53c
  .git/objects/ec/f85505e5f1fe095bcc317bc9df6f9f74ba5a02
  .git/objects/ed/09016da9a69e249d173c3ae6e434a4b732a614
  .git/objects/ed/1ac9064ccc334c71cca1fcda5b380641b9d6fe
  .git/objects/ed/485360b31180a79ec5e101d8f50bce723dd276
  .git/objects/ed/c84b1b47cdc23cbe242412861be31fb49c62c9
  .git/objects/ed/f18b6436c32b252f0a8baf9eab7226aa464af2
  .git/objects/ee/32cb6a74c7b31d7542f43b301c6a4d0e30b174
  .git/objects/ee/65642950b50b6c74003d908efa3fd88be36c1f
  .git/objects/ee/b80aba6d7a9fdfc882cfc116ab2f4828743d79
  .git/objects/ef/43e274d492a977b1dbaa21f84e146255bd90e0
  .git/objects/ef/4d3c6c71d9da51d6d627eca9fb2f07dbf65bc7
  .git/objects/ef/76dc88aa4933f8dec5969b16bbf87636b382db
  .git/objects/ef/7d9d01aa893961e0d1d0a558ce3ad915d3bc2b
  .git/objects/ef/a5dd03b588fc5a8974d9c18442d0d06ec41b5b
  .git/objects/ef/ae7a1b39f18f48767aff3c5f55b1f145ae3a7b
  .git/objects/ef/af985c138160e0b7be40355642a430ac67a4db
  .git/objects/f0/5deb2c6443eace33907d44bea3be707b0ea687
  .git/objects/f0/7c7059370903472b60b42092fa0ceed4b76b29
  .git/objects/f0/bf8f54f16744c658d6044dd43ddd1045a66689
  .git/objects/f0/dc2ecab78e37bf00cb44241205cf4e49efe859
  .git/objects/f0/ebd82da127b4f8793dbd034e1514e479e88a14
  .git/objects/f1/00b1f719a8ce23dd043bd43ce06d3c5a2f875d
  .git/objects/f1/04bdae0509a3c4c88a5c8dcad28cb80a91bdd7
  .git/objects/f1/40b07c1fe371476d9d791517468dc7d0b3b3ad
  .git/objects/f1/41e7b04148b26d9ab15e30824da256d9f898ac
  .git/objects/f1/63cfb0445992b1fce834a62286898205fbd23a
  .git/objects/f1/7b4ea4079f4f00f39ca3fa5dd650213d128393
  .git/objects/f1/e3dbe055060a86a65528ec80ec3b2a010d4038
  .git/objects/f2/3e54680b733bda6c050da350d99bdea7fb9933
  .git/objects/f2/696c738400e809ebb3b1b91a50f5b361bfae4d
  .git/objects/f2/8845ebd1b748764a7d2af00e9241f820046aa9
  .git/objects/f2/bc535ada44c04479e24bf2028da1b67a4819dc
  .git/objects/f3/2d43c15cb34cd67cb77b801aff5cf68016e495
  .git/objects/f3/2e3749b1bcd5bdd665cdd19fe0e570a6166f01
  .git/objects/f3/495850a0e5a91424c7bc046fbcc63be99d0216
  .git/objects/f3/e587463493e89b9017dbfc172690b89475ba06
  .git/objects/f4/d21ed699479ab4f57fa18b0ce9b011dbabf945
  .git/objects/f5/2d209a3231c652f1005f6043b3b904faa4cae9
  .git/objects/f5/33046ad203ce0e4bf3347fa0cf7e64a3e7e0d0
  .git/objects/f5/5998a4a347ab5628445c762fc1910c9c601f00
  .git/objects/f5/ac7e98a2ce4426a92577df7c8b6b9527ecf3d7
  .git/objects/f5/e20c1c5df81041341fd4a57cf47f3d5874aba1
  .git/objects/f6/27cf4eb994e217dfd947450e27415576ace89f
  .git/objects/f6/3c7c782848e6bf33b980a189ce31c110a509b9
  .git/objects/f6/da7489c4035ace5f8bc237bddabf5efe242e69
  .git/objects/f6/f6a3dcd70836d6a080dc937d30505d57e6480f
  .git/objects/f6/ff2176bb4390fe150740abbb6f2231f51a2552
  .git/objects/f7/556660883e28ee64473a284c6abafd9e158951
  .git/objects/f7/5ad732b40a9a5cba823e584b4b095aa50457f7
  .git/objects/f8/053825062104fe887e20c2850431137bb887e0
  .git/objects/f8/0e93be5e72012df02cdd1a44f19f7174d76b52
  .git/objects/f8/3876515aea98fe4c4207e948717070e13768eb
  .git/objects/f8/4bbee55f80d26bf8818f0ff52d0bc6ed1634be
  .git/objects/f8/4e7a0c44356a978f22ebfc5e0506577dce4294
  .git/objects/f8/6c643474fc712fe883ab65eacba1745b25afa8
  .git/objects/f8/80fc2e407e998fe1d1571cccf8e713ee65a139
  .git/objects/f8/f9b35787d03cec84453b7c73fafd514179d3f3
  .git/objects/f9/0223b1d0941be46006aa97cf2e9a422485355c
  .git/objects/f9/86c89487c2626a7c498e306991408d21529bfd
  .git/objects/f9/9744c8a5e6dfd6d58cf9cfbbce8a9f3c5538b7
  .git/objects/f9/98c0dfd4b068c52f1575d2e145950cfbc3399c
  .git/objects/fa/eb7e0de68ac47fb51594de0c9728808c0b6aee
  .git/objects/fa/f0f941271db63d8158b0f94f29481104558bb8
  .git/objects/fa/fdb9e0ff9077517ca5a7a7081ea7a5b50dd754
  .git/objects/fb/06aece30bb5f350f9c40a873a9230b46ab7666
  .git/objects/fb/2b991185f83140b7f4b815e5e66695c6919b29
  .git/objects/fb/534204a81d7970818856be41198e95acabf48d
  .git/objects/fb/77b654651eb7aa27d858ed89a585a1a81cfbe5
  .git/objects/fb/a276507fc27416173c6a72fa0facd8ebe44a34
  .git/objects/fb/f16c4c8ad9b3f36a0d7b51f970f9c7ce89485f
  .git/objects/fc/00a845e44bf9ee48caf1e0793f029e6a2b0caa
  .git/objects/fc/1efe02ecec10f8b2ccbaec2f3beaa69c36ed6d
  .git/objects/fc/57ab28c043b3cc7f1a41c5a2875dae4f860999
  .git/objects/fc/60cfc727f995be1ba76b5bf51b278a06a7de34
  .git/objects/fc/9e9a3394443336cb2ee3ce303dc7fd4bad4481
  .git/objects/fc/a4e1ccfb295e1572911d39f8a0e04618708d26
  .git/objects/fc/a4f10cabd990c5857fc1b7c27b4eecbb97c201
  .git/objects/fc/ad44c385d99020eabbc4e9d72cf63f1c71b87f
  .git/objects/fc/ccba6b7e10ec3dfab5f4367f7e356b0ac2d52b
  .git/objects/fc/e6c8ee2b65d02c959a8bf9b29f1c3438c4423f
  .git/objects/fd/17061b4e88d0ea3b040039b0fd83603515ce45
  .git/objects/fd/35889777c49bd51e273d0100cb3f7bdb68a7dd
  .git/objects/fd/40cb482ec32c256e62ffc2e2742ecbad5992f5
  .git/objects/fd/6a8e69965302edddccebdac488cd856402fdc2
  .git/objects/fd/745d430649e59793bde191b01cda50694eac96
  .git/objects/fe/1346b140030b349fbff868eb1d56a5ef036e44
  .git/objects/fe/d314a6da0506f2fb89bdd65d56e8a7c0b72b0f
  .git/objects/fe/ef61b68c196dee5687eea91647fb37f0cf5910
  .git/objects/ff/7720983856bb5a562f9a5c73eef005d0ff4ded
  .git/objects/ff/9ffb05ae6fda2abb2b6fb971ffad9aa81afb45
  .git/objects/ff/c02faccd5cb89540126ebdb98e490fe3666a09
  .git/objects/ff/dc0d7982fe0b9c0fef4edcb89afc5c2c94e070
Source packages should not contain undeclared executable files.
See section ‘Package structure’ in the ‘Writing R Extensions’ manual.
* checking for hidden files and directories ... NOTE
Found the following hidden files and directories:
  .gitignore
  man/.Rhistory
  .RData
  .Rhistory
  R/.Rhistory
  vignettes/.Rhistory
  workflows/.RData
  workflows/.Rhistory
  .git
  ..Rcheck
  .Rproj.user
  vignettes/.cache
  vignettes/.figure
These were most likely included in error. See section ‘Package
structure’ in the ‘Writing R Extensions’ manual.
* checking for portable file names ... NOTE
Found the following non-portable file paths:
  labelpepmatch/vignettes/.cache/further_inspect_pepmatched_object_with_mass_matches_b06a9a840532a6639aad3c4fd9c3764a.RData
  labelpepmatch/vignettes/.cache/further_inspect_pepmatched_object_with_mass_matches_b06a9a840532a6639aad3c4fd9c3764a.rdb
  labelpepmatch/vignettes/.cache/further_inspect_pepmatched_object_with_mass_matches_b06a9a840532a6639aad3c4fd9c3764a.rdx
  labelpepmatch/vignettes/.cache/lpm_summary_of_lpm_input_object_15a9c47993f7e0a891fd13349a142007.RData
  labelpepmatch/vignettes/.cache/lpm_summary_of_lpm_input_object_run1_5838d09876950b95d6195fa773326300.RData
  labelpepmatch/vignettes/.cache/lpm_summary_of_lpm_input_object_run1_5838d09876950b95d6195fa773326300.rdb
  labelpepmatch/vignettes/.cache/lpm_summary_of_lpm_input_object_run1_5838d09876950b95d6195fa773326300.rdx
  labelpepmatch/vignettes/.cache/lpm_summary_of_pepmatched_object_c8008ad556de7041d5a1710a18e0123f.RData
  labelpepmatch/vignettes/.cache/lpm_summary_of_pepmatched_object_with_mass_matches_1f3fcde991a991d81d821050c5df7544.RData
  labelpepmatch/vignettes/.cache/lpm_summary_of_pepmatched_object_with_mass_matches_1f3fcde991a991d81d821050c5df7544.rdb
  labelpepmatch/vignettes/.cache/lpm_summary_of_pepmatched_object_with_mass_matches_1f3fcde991a991d81d821050c5df7544.rdx
  labelpepmatch/vignettes/.cache/lpm_summary_of_refined_pepmatched_object_bbe935d2a0774238edfcd8c0840f5308.RData
  labelpepmatch/vignettes/.cache/lpm_summary_of_refined_pepmatched_object_bbe935d2a0774238edfcd8c0840f5308.rdb
  labelpepmatch/vignettes/.cache/lpm_summary_of_refined_pepmatched_object_bbe935d2a0774238edfcd8c0840f5308.rdx
  labelpepmatch/vignettes/.cache/pep.id_evaluated_with_10_iterations_858f17d7710b3a24af9f6c7abc523fca.RData
  labelpepmatch/vignettes/.cache/pep.id_evaluated_with_10_iterations_858f17d7710b3a24af9f6c7abc523fca.rdb
  labelpepmatch/vignettes/.cache/pep.id_evaluated_with_10_iterations_858f17d7710b3a24af9f6c7abc523fca.rdx

Tarballs are only required to store paths of up to 100 bytes and cannot
store those of more than 256 bytes, with restrictions including to 100
bytes for the final component.
See section ‘Package structure’ in the ‘Writing R Extensions’ manual.
* checking for sufficient/correct file permissions ... OK
* checking whether package ‘labelpepmatch’ can be installed ... OK
* checking installed package size ... OK
* checking package directory ... OK
* checking DESCRIPTION meta-information ... OK
* checking top-level files ... OK
* checking for left-over files ... OK
* checking index information ... OK
* checking package subdirectories ... WARNING
Found the following directory with the name of a check directory:
  ./..Rcheck
Most likely, these were included erroneously.
* checking R files for non-ASCII characters ... OK
* checking R files for syntax errors ... OK
* checking whether the package can be loaded ... OK
* checking whether the package can be loaded with stated dependencies ... OK
* checking whether the package can be unloaded cleanly ... OK
* checking whether the namespace can be loaded with stated dependencies ... OK
* checking whether the namespace can be unloaded cleanly ... OK
* checking loading without being on the library search path ... OK
* checking dependencies in R code ... OK
* checking S3 generic/method consistency ... OK
* checking replacement functions ... OK
* checking foreign function calls ... OK
* checking R code for possible problems ... NOTE
lpm_linearmodel: no visible global function definition for
  ‘summary.glht’
lpm_linearmodel: no visible binding for global variable ‘k’
lpm_summary: no visible binding for '<<-' assignment to ‘light’
lpm_summary: no visible binding for '<<-' assignment to ‘heavy’
lpm_summary: no visible binding for '<<-' assignment to ‘M’
lpm_summary: no visible binding for global variable ‘light’
lpm_summary: no visible binding for global variable ‘heavy’
lpm_summary: no visible binding for '<<-' assignment to ‘ylim’
lpm_summary: no visible binding for global variable ‘M’
lpm_summary: no visible binding for '<<-' assignment to ‘A’
lpm_summary: no visible binding for global variable ‘A’
lpm_summary: no visible binding for global variable ‘ylim’
make.statlist: no visible binding for global variable ‘statlist_1’
pep.id: no visible binding for global variable ‘x’
pepmatch: no visible binding for '<<-' assignment to ‘FDR_frame’
pepmatch: no visible binding for global variable ‘FDR_frame’
read.labelpepmatch: no visible binding for global variable
  ‘lpm_input_frame’
* checking Rd files ... OK
* checking Rd metadata ... OK
* checking Rd cross-references ... OK
* checking for missing documentation entries ... OK
* checking for code/documentation mismatches ... OK
* checking Rd \usage sections ... OK
* checking Rd contents ... OK
* checking for unstated dependencies in examples ... OK
* checking contents of ‘data’ directory ... OK
* checking data for non-ASCII characters ... OK
* checking data for ASCII and uncompressed saves ... WARNING
  
  Note: significantly better compression could be obtained
        by using R CMD build --resave-data
                 old_size new_size compress
  locustdata.rda     87Kb     65Kb       xz
  wormdata.rda      607Kb    265Kb       xz
* checking files in ‘vignettes’ ... OK
* checking examples ... NONE
* checking for unstated dependencies in vignettes ... OK
* checking package vignettes in ‘inst/doc’ ... WARNING
Package vignette without corresponding PDF/HTML:
   ‘vignette.Rmd’

* checking running R code from vignettes ... OK
* checking re-building of vignette outputs ... OK
* checking PDF version of manual ... WARNING
LaTeX errors when creating PDF version.
This typically indicates Rd problems.
* checking PDF version of manual without hyperrefs or index ... ERROR
Re-running with no redirection of stdout/stderr.
